<?xml version="1.0" encoding="UTF-8"?>
<coverage generated="1782288778590" clover="3.2.0">
  <project timestamp="1782288778590" name="All files">
    <metrics statements="416" coveredstatements="339" conditionals="250" coveredconditionals="160" methods="113" coveredmethods="102" elements="779" coveredelements="601" complexity="0" loc="416" ncloc="416" packages="1" files="3" classes="3"/>
    <file name="App.css" path="C:\Users\Utilisateur\Documents\LifeTrack\src\App.css">
      <metrics statements="0" coveredstatements="0" conditionals="0" coveredconditionals="0" methods="0" coveredmethods="0"/>
    </file>
    <file name="App.tsx" path="C:\Users\Utilisateur\Documents\LifeTrack\src\App.tsx">
      <metrics statements="239" coveredstatements="174" conditionals="150" coveredconditionals="90" methods="60" coveredmethods="51"/>
      <line num="23" count="164" type="stmt"/>
      <line num="27" count="4922" type="stmt"/>
      <line num="28" count="4922" type="stmt"/>
      <line num="29" count="4922" type="stmt"/>
      <line num="33" count="8747" type="stmt"/>
      <line num="36" count="1" type="stmt"/>
      <line num="42" count="164" type="stmt"/>
      <line num="43" count="164" type="stmt"/>
      <line num="44" count="164" type="stmt"/>
      <line num="45" count="164" type="stmt"/>
      <line num="46" count="164" type="stmt"/>
      <line num="47" count="164" type="stmt"/>
      <line num="48" count="164" type="stmt"/>
      <line num="49" count="164" type="stmt"/>
      <line num="50" count="164" type="stmt"/>
      <line num="52" count="20" type="stmt"/>
      <line num="53" count="20" type="stmt"/>
      <line num="55" count="0" type="stmt"/>
      <line num="58" count="164" type="stmt"/>
      <line num="59" count="164" type="stmt"/>
      <line num="60" count="164" type="stmt"/>
      <line num="61" count="164" type="stmt"/>
      <line num="62" count="164" type="stmt"/>
      <line num="63" count="164" type="stmt"/>
      <line num="64" count="164" type="stmt"/>
      <line num="65" count="20" type="cond" truecount="2" falsecount="0"/>
      <line num="69" count="164" type="stmt"/>
      <line num="70" count="21" type="stmt"/>
      <line num="71" count="21" type="stmt"/>
      <line num="72" count="21" type="cond" truecount="2" falsecount="0"/>
      <line num="73" count="21" type="stmt"/>
      <line num="76" count="164" type="stmt"/>
      <line num="77" count="164" type="stmt"/>
      <line num="79" count="1" type="stmt"/>
      <line num="80" count="1" type="stmt"/>
      <line num="84" count="164" type="stmt"/>
      <line num="85" count="164" type="stmt"/>
      <line num="88" count="164" type="stmt"/>
      <line num="90" count="164" type="stmt"/>
      <line num="91" count="164" type="stmt"/>
      <line num="92" count="164" type="cond" truecount="2" falsecount="0"/>
      <line num="93" count="164" type="stmt"/>
      <line num="96" count="164" type="stmt"/>
      <line num="99" count="84" type="stmt"/>
      <line num="100" count="84" type="cond" truecount="3" falsecount="1"/>
      <line num="102" count="0" type="cond" truecount="0" falsecount="2"/>
      <line num="104" count="84" type="cond" truecount="2" falsecount="2"/>
      <line num="105" count="0" type="stmt"/>
      <line num="106" count="0" type="stmt"/>
      <line num="107" count="0" type="stmt"/>
      <line num="109" count="0" type="cond" truecount="0" falsecount="6"/>
      <line num="110" count="0" type="stmt"/>
      <line num="111" count="0" type="stmt"/>
      <line num="112" count="0" type="stmt"/>
      <line num="115" count="0" type="cond" truecount="0" falsecount="4"/>
      <line num="117" count="0" type="stmt"/>
      <line num="118" count="0" type="cond" truecount="0" falsecount="2"/>
      <line num="120" count="0" type="cond" truecount="0" falsecount="2"/>
      <line num="121" count="0" type="cond" truecount="0" falsecount="2"/>
      <line num="122" count="0" type="cond" truecount="0" falsecount="2"/>
      <line num="123" count="0" type="cond" truecount="0" falsecount="2"/>
      <line num="125" count="0" type="cond" truecount="0" falsecount="2"/>
      <line num="126" count="0" type="stmt"/>
      <line num="127" count="0" type="stmt"/>
      <line num="128" count="0" type="stmt"/>
      <line num="131" count="0" type="cond" truecount="0" falsecount="4"/>
      <line num="132" count="0" type="stmt"/>
      <line num="133" count="0" type="stmt"/>
      <line num="136" count="65" type="stmt"/>
      <line num="137" count="65" type="stmt"/>
      <line num="140" count="164" type="stmt"/>
      <line num="141" count="22" type="cond" truecount="2" falsecount="0"/>
      <line num="142" count="1" type="stmt"/>
      <line num="144" count="21" type="stmt"/>
      <line num="146" count="22" type="stmt"/>
      <line num="147" count="22" type="cond" truecount="2" falsecount="0"/>
      <line num="151" count="164" type="stmt"/>
      <line num="153" count="40" type="stmt"/>
      <line num="154" count="40" type="stmt"/>
      <line num="155" count="40" type="stmt"/>
      <line num="156" count="40" type="stmt"/>
      <line num="157" count="15" type="stmt"/>
      <line num="159" count="40" type="stmt"/>
      <line num="160" count="40" type="stmt"/>
      <line num="162" count="21" type="stmt"/>
      <line num="163" count="21" type="stmt"/>
      <line num="167" count="1" type="cond" truecount="1" falsecount="1"/>
      <line num="168" count="0" type="stmt"/>
      <line num="169" count="0" type="stmt"/>
      <line num="171" count="1" type="stmt"/>
      <line num="176" count="0" type="cond" truecount="0" falsecount="2"/>
      <line num="177" count="0" type="stmt"/>
      <line num="178" count="0" type="stmt"/>
      <line num="180" count="0" type="stmt"/>
      <line num="185" count="2" type="stmt"/>
      <line num="186" count="2" type="stmt"/>
      <line num="190" count="11" type="cond" truecount="1" falsecount="1"/>
      <line num="191" count="11" type="stmt"/>
      <line num="192" count="11" type="stmt"/>
      <line num="193" count="11" type="stmt"/>
      <line num="198" count="1" type="cond" truecount="1" falsecount="1"/>
      <line num="199" count="1" type="stmt"/>
      <line num="201" count="1" type="stmt"/>
      <line num="206" count="2" type="cond" truecount="1" falsecount="1"/>
      <line num="207" count="2" type="stmt"/>
      <line num="208" count="2" type="stmt"/>
      <line num="214" count="1" type="stmt"/>
      <line num="218" count="2" type="stmt"/>
      <line num="219" count="2" type="stmt"/>
      <line num="223" count="1" type="stmt"/>
      <line num="224" count="1" type="cond" truecount="3" falsecount="1"/>
      <line num="225" count="1" type="stmt"/>
      <line num="227" count="1" type="stmt"/>
      <line num="228" count="1" type="stmt"/>
      <line num="233" count="0" type="stmt"/>
      <line num="234" count="0" type="stmt"/>
      <line num="235" count="0" type="stmt"/>
      <line num="236" count="0" type="stmt"/>
      <line num="237" count="0" type="stmt"/>
      <line num="238" count="0" type="stmt"/>
      <line num="239" count="0" type="stmt"/>
      <line num="240" count="0" type="stmt"/>
      <line num="241" count="0" type="stmt"/>
      <line num="245" count="0" type="stmt"/>
      <line num="246" count="0" type="stmt"/>
      <line num="247" count="0" type="stmt"/>
      <line num="248" count="0" type="stmt"/>
      <line num="252" count="0" type="stmt"/>
      <line num="253" count="0" type="stmt"/>
      <line num="256" count="0" type="stmt"/>
      <line num="257" count="0" type="stmt"/>
      <line num="258" count="0" type="cond" truecount="0" falsecount="2"/>
      <line num="260" count="0" type="cond" truecount="0" falsecount="4"/>
      <line num="263" count="0" type="cond" truecount="0" falsecount="2"/>
      <line num="266" count="0" type="stmt"/>
      <line num="267" count="0" type="stmt"/>
      <line num="268" count="0" type="stmt"/>
      <line num="275" count="15" type="stmt"/>
      <line num="276" count="15" type="stmt"/>
      <line num="277" count="15" type="stmt"/>
      <line num="278" count="15" type="stmt"/>
      <line num="284" count="15" type="stmt"/>
      <line num="285" count="15" type="stmt"/>
      <line num="286" count="15" type="stmt"/>
      <line num="287" count="15" type="stmt"/>
      <line num="288" count="15" type="cond" truecount="1" falsecount="1"/>
      <line num="289" count="0" type="stmt"/>
      <line num="290" count="0" type="stmt"/>
      <line num="292" count="15" type="stmt"/>
      <line num="295" count="15" type="stmt"/>
      <line num="300" count="15" type="cond" truecount="2" falsecount="0"/>
      <line num="301" count="2" type="stmt"/>
      <line num="302" count="2" type="stmt"/>
      <line num="303" count="2" type="stmt"/>
      <line num="304" count="0" type="stmt"/>
      <line num="305" count="0" type="stmt"/>
      <line num="306" count="0" type="stmt"/>
      <line num="307" count="0" type="stmt"/>
      <line num="308" count="0" type="cond" truecount="0" falsecount="2"/>
      <line num="309" count="0" type="stmt"/>
      <line num="310" count="0" type="stmt"/>
      <line num="312" count="0" type="stmt"/>
      <line num="315" count="2" type="stmt"/>
      <line num="319" count="164" type="stmt"/>
      <line num="320" count="60" type="stmt"/>
      <line num="321" count="15" type="stmt"/>
      <line num="322" count="15" type="stmt"/>
      <line num="323" count="15" type="stmt"/>
      <line num="324" count="15" type="stmt"/>
      <line num="325" count="15" type="stmt"/>
      <line num="328" count="15" type="stmt"/>
      <line num="329" count="15" type="stmt"/>
      <line num="330" count="15" type="stmt"/>
      <line num="331" count="15" type="stmt"/>
      <line num="332" count="60" type="stmt"/>
      <line num="333" count="60" type="stmt"/>
      <line num="334" count="60" type="stmt"/>
      <line num="335" count="7380" type="stmt"/>
      <line num="336" count="7380" type="stmt"/>
      <line num="337" count="7380" type="stmt"/>
      <line num="338" count="7380" type="stmt"/>
      <line num="339" count="7380" type="cond" truecount="2" falsecount="0"/>
      <line num="341" count="60" type="cond" truecount="1" falsecount="1"/>
      <line num="347" count="15" type="stmt"/>
      <line num="348" count="15" type="stmt"/>
      <line num="349" count="15" type="stmt"/>
      <line num="350" count="15" type="stmt"/>
      <line num="351" count="15" type="stmt"/>
      <line num="352" count="1350" type="stmt"/>
      <line num="353" count="1350" type="stmt"/>
      <line num="354" count="1350" type="stmt"/>
      <line num="355" count="1350" type="stmt"/>
      <line num="356" count="1350" type="stmt"/>
      <line num="357" count="1350" type="cond" truecount="2" falsecount="0"/>
      <line num="358" count="2" type="stmt"/>
      <line num="361" count="15" type="cond" truecount="1" falsecount="1"/>
      <line num="363" count="15" type="stmt"/>
      <line num="380" count="164" type="stmt"/>
      <line num="381" count="164" type="stmt"/>
      <line num="382" count="4922" type="stmt"/>
      <line num="385" count="164" type="stmt"/>
      <line num="419" count="2" type="stmt"/>
      <line num="439" count="1" type="cond" truecount="2" falsecount="0"/>
      <line num="440" count="3" type="cond" truecount="2" falsecount="0"/>
      <line num="458" count="660" type="stmt"/>
      <line num="472" count="22" type="cond" truecount="1" falsecount="1"/>
      <line num="473" count="22" type="stmt"/>
      <line num="474" count="22" type="stmt"/>
      <line num="475" count="660" type="cond" truecount="2" falsecount="0"/>
      <line num="477" count="22" type="cond" truecount="2" falsecount="0"/>
      <line num="478" count="22" type="stmt"/>
      <line num="480" count="22" type="stmt"/>
      <line num="489" count="0" type="stmt"/>
      <line num="491" count="4" type="cond" truecount="2" falsecount="0"/>
      <line num="492" count="4" type="cond" truecount="1" falsecount="1"/>
      <line num="498" count="1" type="stmt"/>
      <line num="506" count="1" type="stmt"/>
      <line num="516" count="660" type="cond" truecount="2" falsecount="0"/>
      <line num="517" count="660" type="cond" truecount="2" falsecount="0"/>
      <line num="518" count="660" type="cond" truecount="2" falsecount="0"/>
      <line num="519" count="660" type="stmt"/>
      <line num="523" count="2" type="stmt"/>
      <line num="545" count="3" type="stmt"/>
      <line num="547" count="0" type="stmt"/>
      <line num="549" count="3" type="cond" truecount="2" falsecount="0"/>
      <line num="550" count="3" type="cond" truecount="1" falsecount="1"/>
      <line num="556" count="2" type="stmt"/>
      <line num="597" count="2" type="stmt"/>
      <line num="639" count="51" type="stmt"/>
      <line num="642" count="51" type="cond" truecount="1" falsecount="1"/>
      <line num="643" count="51" type="cond" truecount="1" falsecount="1"/>
      <line num="647" count="0" type="stmt"/>
      <line num="650" count="11" type="stmt"/>
      <line num="658" count="2" type="stmt"/>
      <line num="677" count="26" type="stmt"/>
      <line num="681" count="26" type="cond" truecount="2" falsecount="2"/>
      <line num="682" count="26" type="cond" truecount="1" falsecount="1"/>
      <line num="690" count="2" type="stmt"/>
      <line num="695" count="1" type="stmt"/>
    </file>
    <file name="store.ts" path="C:\Users\Utilisateur\Documents\LifeTrack\src\store.ts">
      <metrics statements="177" coveredstatements="165" conditionals="100" coveredconditionals="70" methods="53" coveredmethods="51"/>
      <line num="14" count="2" type="stmt"/>
      <line num="15" count="2" type="stmt"/>
      <line num="16" count="2" type="stmt"/>
      <line num="20" count="16" type="stmt"/>
      <line num="21" count="16" type="stmt"/>
      <line num="22" count="3606" type="stmt"/>
      <line num="23" count="3606" type="stmt"/>
      <line num="25" count="16" type="stmt"/>
      <line num="30" count="1149" type="stmt"/>
      <line num="31" count="1149" type="stmt"/>
      <line num="32" count="1149" type="stmt"/>
      <line num="33" count="1149" type="stmt"/>
      <line num="34" count="1149" type="stmt"/>
      <line num="36" count="0" type="stmt"/>
      <line num="42" count="7" type="stmt"/>
      <line num="43" count="7" type="cond" truecount="3" falsecount="1"/>
      <line num="44" count="7" type="stmt"/>
      <line num="46" count="7" type="cond" truecount="4" falsecount="0"/>
      <line num="49" count="1" type="cond" truecount="4" falsecount="0"/>
      <line num="52" count="1" type="cond" truecount="4" falsecount="0"/>
      <line num="54" count="7" type="stmt"/>
      <line num="63" count="760" type="cond" truecount="1" falsecount="1"/>
      <line num="64" count="760" type="stmt"/>
      <line num="65" count="760" type="stmt"/>
      <line num="66" count="760" type="cond" truecount="2" falsecount="0"/>
      <line num="67" count="9" type="stmt"/>
      <line num="68" count="9" type="cond" truecount="5" falsecount="1"/>
      <line num="70" count="8" type="stmt"/>
      <line num="71" count="8" type="cond" truecount="2" falsecount="0"/>
      <line num="72" count="1" type="stmt"/>
      <line num="73" count="1" type="stmt"/>
      <line num="75" count="7" type="stmt"/>
      <line num="77" count="1" type="stmt"/>
      <line num="83" count="52" type="cond" truecount="1" falsecount="1"/>
      <line num="84" count="0" type="stmt"/>
      <line num="86" count="52" type="stmt"/>
      <line num="87" count="52" type="cond" truecount="2" falsecount="0"/>
      <line num="88" count="50" type="stmt"/>
      <line num="89" count="50" type="cond" truecount="2" falsecount="0"/>
      <line num="90" count="1" type="stmt"/>
      <line num="91" count="1" type="stmt"/>
      <line num="93" count="49" type="stmt"/>
      <line num="98" count="8" type="cond" truecount="1" falsecount="1"/>
      <line num="99" count="8" type="stmt"/>
      <line num="100" count="8" type="stmt"/>
      <line num="101" count="8" type="stmt"/>
      <line num="106" count="8" type="stmt"/>
      <line num="107" count="8" type="stmt"/>
      <line num="109" count="0" type="stmt"/>
      <line num="110" count="0" type="stmt"/>
      <line num="115" count="2" type="stmt"/>
      <line num="116" count="2" type="stmt"/>
      <line num="119" count="71" type="stmt"/>
      <line num="120" count="71" type="cond" truecount="2" falsecount="0"/>
      <line num="121" count="33" type="stmt"/>
      <line num="122" count="2" type="stmt"/>
      <line num="123" count="2" type="cond" truecount="1" falsecount="1"/>
      <line num="124" count="2" type="stmt"/>
      <line num="125" count="2" type="stmt"/>
      <line num="126" count="2" type="cond" truecount="1" falsecount="1"/>
      <line num="127" count="2" type="stmt"/>
      <line num="130" count="0" type="stmt"/>
      <line num="131" count="0" type="cond" truecount="0" falsecount="2"/>
      <line num="132" count="0" type="stmt"/>
      <line num="140" count="2" type="cond" truecount="1" falsecount="1"/>
      <line num="141" count="2" type="stmt"/>
      <line num="142" count="2" type="stmt"/>
      <line num="144" count="2" type="cond" truecount="1" falsecount="1"/>
      <line num="145" count="2" type="stmt"/>
      <line num="146" count="2" type="stmt"/>
      <line num="147" count="2" type="stmt"/>
      <line num="152" count="2" type="cond" truecount="1" falsecount="1"/>
      <line num="153" count="2" type="stmt"/>
      <line num="155" count="2" type="cond" truecount="0" falsecount="2"/>
      <line num="164" count="2" type="stmt"/>
      <line num="165" count="2" type="stmt"/>
      <line num="166" count="2" type="stmt"/>
      <line num="169" count="19" type="stmt"/>
      <line num="170" count="19" type="cond" truecount="1" falsecount="1"/>
      <line num="171" count="19" type="stmt"/>
      <line num="175" count="4" type="stmt"/>
      <line num="176" count="4" type="cond" truecount="2" falsecount="0"/>
      <line num="177" count="3" type="stmt"/>
      <line num="179" count="3" type="stmt"/>
      <line num="180" count="3" type="cond" truecount="1" falsecount="1"/>
      <line num="181" count="3" type="stmt"/>
      <line num="182" count="0" type="cond" truecount="0" falsecount="2"/>
      <line num="183" count="0" type="stmt"/>
      <line num="185" count="3" type="stmt"/>
      <line num="186" count="3" type="stmt"/>
      <line num="190" count="3" type="stmt"/>
      <line num="191" count="3" type="cond" truecount="2" falsecount="0"/>
      <line num="192" count="1" type="stmt"/>
      <line num="193" count="1" type="stmt"/>
      <line num="194" count="1" type="cond" truecount="1" falsecount="1"/>
      <line num="195" count="1" type="stmt"/>
      <line num="196" count="0" type="cond" truecount="0" falsecount="2"/>
      <line num="197" count="0" type="stmt"/>
      <line num="199" count="1" type="stmt"/>
      <line num="200" count="1" type="stmt"/>
      <line num="207" count="329" type="cond" truecount="1" falsecount="1"/>
      <line num="209" count="329" type="stmt"/>
      <line num="210" count="329" type="stmt"/>
      <line num="211" count="329" type="cond" truecount="4" falsecount="0"/>
      <line num="212" count="327" type="cond" truecount="3" falsecount="1"/>
      <line num="214" count="327" type="stmt"/>
      <line num="217" count="2" type="stmt"/>
      <line num="218" count="2" type="stmt"/>
      <line num="224" count="50" type="cond" truecount="2" falsecount="0"/>
      <line num="225" count="29" type="stmt"/>
      <line num="226" count="29" type="stmt"/>
      <line num="228" count="50" type="stmt"/>
      <line num="230" count="50" type="stmt"/>
      <line num="231" count="50" type="stmt"/>
      <line num="232" count="50" type="stmt"/>
      <line num="236" count="71" type="stmt"/>
      <line num="237" count="71" type="stmt"/>
      <line num="241" count="21" type="stmt"/>
      <line num="242" count="21" type="stmt"/>
      <line num="246" count="52" type="stmt"/>
      <line num="251" count="28" type="stmt"/>
      <line num="252" count="28" type="stmt"/>
      <line num="262" count="28" type="stmt"/>
      <line num="263" count="28" type="stmt"/>
      <line num="264" count="29" type="stmt"/>
      <line num="265" count="28" type="cond" truecount="1" falsecount="1"/>
      <line num="267" count="28" type="stmt"/>
      <line num="268" count="28" type="stmt"/>
      <line num="269" count="28" type="stmt"/>
      <line num="273" count="8" type="stmt"/>
      <line num="274" count="8" type="cond" truecount="1" falsecount="1"/>
      <line num="275" count="8" type="stmt"/>
      <line num="276" count="8" type="stmt"/>
      <line num="281" count="3" type="stmt"/>
      <line num="285" count="1" type="stmt"/>
      <line num="289" count="1" type="stmt"/>
      <line num="290" count="1" type="stmt"/>
      <line num="291" count="1" type="stmt"/>
      <line num="292" count="1" type="stmt"/>
      <line num="297" count="23" type="cond" truecount="2" falsecount="0"/>
      <line num="301" count="19" type="stmt"/>
      <line num="302" count="19" type="cond" truecount="2" falsecount="0"/>
      <line num="303" count="1" type="stmt"/>
      <line num="304" count="1" type="stmt"/>
      <line num="305" count="1" type="stmt"/>
      <line num="306" count="1" type="stmt"/>
      <line num="308" count="18" type="stmt"/>
      <line num="309" count="18" type="stmt"/>
      <line num="310" count="18" type="stmt"/>
      <line num="311" count="18" type="stmt"/>
      <line num="312" count="18" type="stmt"/>
      <line num="316" count="15" type="stmt"/>
      <line num="320" count="22" type="stmt"/>
      <line num="321" count="22" type="stmt"/>
      <line num="322" count="22" type="cond" truecount="2" falsecount="0"/>
      <line num="323" count="22" type="stmt"/>
      <line num="324" count="13" type="stmt"/>
      <line num="325" count="13" type="stmt"/>
      <line num="327" count="22" type="stmt"/>
      <line num="332" count="1" type="stmt"/>
      <line num="333" count="1" type="stmt"/>
      <line num="334" count="1" type="stmt"/>
      <line num="335" count="1" type="stmt"/>
      <line num="336" count="30" type="cond" truecount="2" falsecount="0"/>
      <line num="338" count="1" type="cond" truecount="1" falsecount="1"/>
      <line num="339" count="1" type="stmt"/>
      <line num="344" count="45" type="stmt"/>
      <line num="345" count="1" type="stmt"/>
      <line num="346" count="1" type="cond" truecount="1" falsecount="1"/>
      <line num="348" count="0" type="stmt"/>
      <line num="353" count="9" type="stmt"/>
      <line num="359" count="9" type="stmt"/>
      <line num="360" count="9" type="stmt"/>
      <line num="361" count="9" type="stmt"/>
      <line num="365" count="2" type="stmt"/>
      <line num="366" count="2" type="stmt"/>
      <line num="372" count="2" type="stmt"/>
    </file>
  </project>
</coverage>
