{"C:\\Users\\Utilisateur\\Documents\\LifeTrack\\src\\App.css": {"path":"C:\\Users\\Utilisateur\\Documents\\LifeTrack\\src\\App.css","statementMap":{},"fnMap":{},"branchMap":{},"s":{},"f":{},"b":{},"meta":{"lastBranch":0,"lastFunction":0,"lastStatement":0,"seen":{},"fnNames":{}}}
,"C:\\Users\\Utilisateur\\Documents\\LifeTrack\\src\\App.tsx": {"path":"C:\\Users\\Utilisateur\\Documents\\LifeTrack\\src\\App.tsx","statementMap":{"0":{"start":{"line":23,"column":2},"end":{"line":23,"column":null}},"1":{"start":{"line":27,"column":12},"end":{"line":27,"column":null}},"2":{"start":{"line":28,"column":18},"end":{"line":28,"column":null}},"3":{"start":{"line":29,"column":2},"end":{"line":29,"column":null}},"4":{"start":{"line":33,"column":2},"end":{"line":33,"column":null}},"5":{"start":{"line":36,"column":20},"end":{"line":39,"column":null}},"6":{"start":{"line":42,"column":14},"end":{"line":42,"column":null}},"7":{"start":{"line":43,"column":17},"end":{"line":43,"column":null}},"8":{"start":{"line":44,"column":15},"end":{"line":44,"column":null}},"9":{"start":{"line":45,"column":16},"end":{"line":45,"column":null}},"10":{"start":{"line":46,"column":25},"end":{"line":46,"column":null}},"11":{"start":{"line":47,"column":23},"end":{"line":47,"column":null}},"12":{"start":{"line":48,"column":28},"end":{"line":48,"column":null}},"13":{"start":{"line":49,"column":19},"end":{"line":49,"column":null}},"14":{"start":{"line":50,"column":19},"end":{"line":57,"column":null}},"15":{"start":{"line":52,"column":4},"end":{"line":56,"column":null}},"16":{"start":{"line":53,"column":6},"end":{"line":53,"column":null}},"17":{"start":{"line":55,"column":6},"end":{"line":55,"column":null}},"18":{"start":{"line":58,"column":16},"end":{"line":58,"column":null}},"19":{"start":{"line":59,"column":25},"end":{"line":59,"column":null}},"20":{"start":{"line":60,"column":27},"end":{"line":60,"column":null}},"21":{"start":{"line":61,"column":24},"end":{"line":61,"column":null}},"22":{"start":{"line":62,"column":27},"end":{"line":62,"column":null}},"23":{"start":{"line":63,"column":15},"end":{"line":63,"column":null}},"24":{"start":{"line":64,"column":16},"end":{"line":66,"column":null}},"25":{"start":{"line":65,"column":4},"end":{"line":65,"column":null}},"26":{"start":{"line":65,"column":10},"end":{"line":65,"column":64}},"27":{"start":{"line":65,"column":74},"end":{"line":65,"column":85}},"28":{"start":{"line":69,"column":2},"end":{"line":74,"column":null}},"29":{"start":{"line":70,"column":20},"end":{"line":70,"column":null}},"30":{"start":{"line":71,"column":4},"end":{"line":71,"column":null}},"31":{"start":{"line":72,"column":4},"end":{"line":72,"column":null}},"32":{"start":{"line":72,"column":15},"end":{"line":72,"column":null}},"33":{"start":{"line":73,"column":4},"end":{"line":73,"column":null}},"34":{"start":{"line":73,"column":10},"end":{"line":73,"column":58}},"35":{"start":{"line":76,"column":17},"end":{"line":76,"column":null}},"36":{"start":{"line":77,"column":22},"end":{"line":77,"column":null}},"37":{"start":{"line":79,"column":16},"end":{"line":79,"column":null}},"38":{"start":{"line":80,"column":4},"end":{"line":80,"column":null}},"39":{"start":{"line":84,"column":19},"end":{"line":84,"column":null}},"40":{"start":{"line":85,"column":24},"end":{"line":85,"column":null}},"41":{"start":{"line":88,"column":18},"end":{"line":88,"column":null}},"42":{"start":{"line":90,"column":22},"end":{"line":90,"column":null}},"43":{"start":{"line":91,"column":16},"end":{"line":91,"column":null}},"44":{"start":{"line":92,"column":25},"end":{"line":92,"column":null}},"45":{"start":{"line":93,"column":19},"end":{"line":93,"column":null}},"46":{"start":{"line":96,"column":2},"end":{"line":138,"column":null}},"47":{"start":{"line":99,"column":19},"end":{"line":99,"column":null}},"48":{"start":{"line":100,"column":6},"end":{"line":100,"column":null}},"49":{"start":{"line":100,"column":49},"end":{"line":100,"column":null}},"50":{"start":{"line":102,"column":19},"end":{"line":102,"column":null}},"51":{"start":{"line":104,"column":6},"end":{"line":108,"column":null}},"52":{"start":{"line":105,"column":8},"end":{"line":105,"column":null}},"53":{"start":{"line":106,"column":8},"end":{"line":106,"column":null}},"54":{"start":{"line":107,"column":8},"end":{"line":107,"column":null}},"55":{"start":{"line":109,"column":6},"end":{"line":113,"column":null}},"56":{"start":{"line":110,"column":8},"end":{"line":110,"column":null}},"57":{"start":{"line":111,"column":8},"end":{"line":111,"column":null}},"58":{"start":{"line":112,"column":8},"end":{"line":112,"column":null}},"59":{"start":{"line":115,"column":6},"end":{"line":115,"column":null}},"60":{"start":{"line":115,"column":50},"end":{"line":115,"column":null}},"61":{"start":{"line":117,"column":20},"end":{"line":117,"column":null}},"62":{"start":{"line":118,"column":6},"end":{"line":118,"column":null}},"63":{"start":{"line":118,"column":18},"end":{"line":118,"column":null}},"64":{"start":{"line":120,"column":6},"end":{"line":120,"column":null}},"65":{"start":{"line":120,"column":35},"end":{"line":120,"column":55}},"66":{"start":{"line":120,"column":55},"end":{"line":120,"column":95}},"67":{"start":{"line":121,"column":6},"end":{"line":121,"column":null}},"68":{"start":{"line":121,"column":36},"end":{"line":121,"column":56}},"69":{"start":{"line":121,"column":56},"end":{"line":121,"column":106}},"70":{"start":{"line":122,"column":6},"end":{"line":122,"column":null}},"71":{"start":{"line":122,"column":33},"end":{"line":122,"column":53}},"72":{"start":{"line":122,"column":53},"end":{"line":122,"column":103}},"73":{"start":{"line":123,"column":6},"end":{"line":123,"column":null}},"74":{"start":{"line":123,"column":35},"end":{"line":123,"column":55}},"75":{"start":{"line":123,"column":55},"end":{"line":123,"column":121}},"76":{"start":{"line":125,"column":6},"end":{"line":129,"column":null}},"77":{"start":{"line":126,"column":8},"end":{"line":126,"column":null}},"78":{"start":{"line":127,"column":24},"end":{"line":127,"column":null}},"79":{"start":{"line":128,"column":8},"end":{"line":128,"column":null}},"80":{"start":{"line":131,"column":6},"end":{"line":134,"column":null}},"81":{"start":{"line":132,"column":8},"end":{"line":132,"column":null}},"82":{"start":{"line":133,"column":8},"end":{"line":133,"column":null}},"83":{"start":{"line":136,"column":4},"end":{"line":136,"column":null}},"84":{"start":{"line":137,"column":4},"end":{"line":137,"column":null}},"85":{"start":{"line":137,"column":17},"end":{"line":137,"column":null}},"86":{"start":{"line":140,"column":2},"end":{"line":149,"column":null}},"87":{"start":{"line":141,"column":4},"end":{"line":145,"column":null}},"88":{"start":{"line":142,"column":6},"end":{"line":142,"column":null}},"89":{"start":{"line":144,"column":6},"end":{"line":144,"column":null}},"90":{"start":{"line":146,"column":4},"end":{"line":148,"column":null}},"91":{"start":{"line":147,"column":6},"end":{"line":147,"column":null}},"92":{"start":{"line":151,"column":2},"end":{"line":164,"column":null}},"93":{"start":{"line":153,"column":12},"end":{"line":153,"column":null}},"94":{"start":{"line":154,"column":6},"end":{"line":154,"column":null}},"95":{"start":{"line":155,"column":17},"end":{"line":155,"column":null}},"96":{"start":{"line":156,"column":6},"end":{"line":158,"column":null}},"97":{"start":{"line":157,"column":8},"end":{"line":157,"column":null}},"98":{"start":{"line":159,"column":6},"end":{"line":159,"column":null}},"99":{"start":{"line":160,"column":6},"end":{"line":160,"column":null}},"100":{"start":{"line":162,"column":4},"end":{"line":162,"column":null}},"101":{"start":{"line":163,"column":4},"end":{"line":163,"column":null}},"102":{"start":{"line":167,"column":4},"end":{"line":172,"column":null}},"103":{"start":{"line":168,"column":6},"end":{"line":168,"column":null}},"104":{"start":{"line":169,"column":6},"end":{"line":169,"column":null}},"105":{"start":{"line":171,"column":6},"end":{"line":171,"column":null}},"106":{"start":{"line":176,"column":4},"end":{"line":181,"column":null}},"107":{"start":{"line":177,"column":6},"end":{"line":177,"column":null}},"108":{"start":{"line":178,"column":6},"end":{"line":178,"column":null}},"109":{"start":{"line":180,"column":6},"end":{"line":180,"column":null}},"110":{"start":{"line":185,"column":20},"end":{"line":185,"column":null}},"111":{"start":{"line":186,"column":4},"end":{"line":186,"column":null}},"112":{"start":{"line":190,"column":4},"end":{"line":194,"column":null}},"113":{"start":{"line":191,"column":6},"end":{"line":191,"column":null}},"114":{"start":{"line":192,"column":6},"end":{"line":192,"column":null}},"115":{"start":{"line":193,"column":6},"end":{"line":193,"column":null}},"116":{"start":{"line":198,"column":4},"end":{"line":200,"column":null}},"117":{"start":{"line":199,"column":6},"end":{"line":199,"column":null}},"118":{"start":{"line":201,"column":4},"end":{"line":201,"column":null}},"119":{"start":{"line":206,"column":4},"end":{"line":210,"column":null}},"120":{"start":{"line":207,"column":6},"end":{"line":207,"column":null}},"121":{"start":{"line":208,"column":6},"end":{"line":208,"column":null}},"122":{"start":{"line":214,"column":4},"end":{"line":214,"column":null}},"123":{"start":{"line":218,"column":4},"end":{"line":218,"column":null}},"124":{"start":{"line":219,"column":4},"end":{"line":219,"column":null}},"125":{"start":{"line":223,"column":19},"end":{"line":223,"column":null}},"126":{"start":{"line":224,"column":4},"end":{"line":226,"column":null}},"127":{"start":{"line":225,"column":6},"end":{"line":225,"column":null}},"128":{"start":{"line":227,"column":4},"end":{"line":227,"column":null}},"129":{"start":{"line":228,"column":4},"end":{"line":228,"column":null}},"130":{"start":{"line":233,"column":17},"end":{"line":233,"column":null}},"131":{"start":{"line":234,"column":16},"end":{"line":234,"column":null}},"132":{"start":{"line":235,"column":14},"end":{"line":235,"column":null}},"133":{"start":{"line":236,"column":4},"end":{"line":236,"column":null}},"134":{"start":{"line":237,"column":4},"end":{"line":237,"column":null}},"135":{"start":{"line":238,"column":4},"end":{"line":238,"column":null}},"136":{"start":{"line":239,"column":4},"end":{"line":239,"column":null}},"137":{"start":{"line":240,"column":4},"end":{"line":240,"column":null}},"138":{"start":{"line":241,"column":4},"end":{"line":241,"column":null}},"139":{"start":{"line":245,"column":10},"end":{"line":245,"column":null}},"140":{"start":{"line":246,"column":17},"end":{"line":246,"column":null}},"141":{"start":{"line":247,"column":18},"end":{"line":247,"column":null}},"142":{"start":{"line":248,"column":4},"end":{"line":248,"column":null}},"143":{"start":{"line":252,"column":10},"end":{"line":252,"column":null}},"144":{"start":{"line":253,"column":21},"end":{"line":253,"column":null}},"145":{"start":{"line":253,"column":55},"end":{"line":253,"column":69}},"146":{"start":{"line":256,"column":19},"end":{"line":256,"column":null}},"147":{"start":{"line":257,"column":17},"end":{"line":264,"column":null}},"148":{"start":{"line":258,"column":24},"end":{"line":258,"column":null}},"149":{"start":{"line":260,"column":23},"end":{"line":262,"column":null}},"150":{"start":{"line":263,"column":6},"end":{"line":263,"column":null}},"151":{"start":{"line":266,"column":16},"end":{"line":266,"column":null}},"152":{"start":{"line":267,"column":18},"end":{"line":267,"column":null}},"153":{"start":{"line":268,"column":4},"end":{"line":268,"column":null}},"154":{"start":{"line":275,"column":10},"end":{"line":275,"column":null}},"155":{"start":{"line":275,"column":62},"end":{"line":275,"column":73}},"156":{"start":{"line":276,"column":18},"end":{"line":276,"column":null}},"157":{"start":{"line":276,"column":36},"end":{"line":276,"column":42}},"158":{"start":{"line":277,"column":4},"end":{"line":277,"column":null}},"159":{"start":{"line":278,"column":4},"end":{"line":278,"column":null}},"160":{"start":{"line":284,"column":16},"end":{"line":284,"column":null}},"161":{"start":{"line":285,"column":14},"end":{"line":285,"column":null}},"162":{"start":{"line":286,"column":4},"end":{"line":294,"column":null}},"163":{"start":{"line":287,"column":18},"end":{"line":287,"column":null}},"164":{"start":{"line":288,"column":6},"end":{"line":293,"column":null}},"165":{"start":{"line":289,"column":8},"end":{"line":289,"column":null}},"166":{"start":{"line":290,"column":8},"end":{"line":290,"column":null}},"167":{"start":{"line":292,"column":8},"end":{"line":292,"column":null}},"168":{"start":{"line":295,"column":4},"end":{"line":295,"column":null}},"169":{"start":{"line":300,"column":4},"end":{"line":300,"column":null}},"170":{"start":{"line":300,"column":28},"end":{"line":300,"column":null}},"171":{"start":{"line":301,"column":14},"end":{"line":301,"column":null}},"172":{"start":{"line":302,"column":18},"end":{"line":302,"column":null}},"173":{"start":{"line":303,"column":4},"end":{"line":314,"column":null}},"174":{"start":{"line":303,"column":17},"end":{"line":303,"column":20}},"175":{"start":{"line":304,"column":19},"end":{"line":304,"column":null}},"176":{"start":{"line":305,"column":19},"end":{"line":305,"column":null}},"177":{"start":{"line":306,"column":21},"end":{"line":306,"column":null}},"178":{"start":{"line":307,"column":23},"end":{"line":307,"column":null}},"179":{"start":{"line":308,"column":6},"end":{"line":313,"column":null}},"180":{"start":{"line":309,"column":8},"end":{"line":309,"column":null}},"181":{"start":{"line":310,"column":8},"end":{"line":310,"column":null}},"182":{"start":{"line":312,"column":8},"end":{"line":312,"column":null}},"183":{"start":{"line":315,"column":4},"end":{"line":315,"column":null}},"184":{"start":{"line":319,"column":8},"end":{"line":377,"column":null}},"185":{"start":{"line":320,"column":4},"end":{"line":376,"column":null}},"186":{"start":{"line":321,"column":22},"end":{"line":321,"column":null}},"187":{"start":{"line":322,"column":22},"end":{"line":322,"column":null}},"188":{"start":{"line":323,"column":24},"end":{"line":323,"column":null}},"189":{"start":{"line":324,"column":22},"end":{"line":324,"column":null}},"190":{"start":{"line":325,"column":22},"end":{"line":325,"column":null}},"191":{"start":{"line":328,"column":18},"end":{"line":328,"column":null}},"192":{"start":{"line":329,"column":22},"end":{"line":329,"column":null}},"193":{"start":{"line":330,"column":44},"end":{"line":330,"column":null}},"194":{"start":{"line":331,"column":6},"end":{"line":342,"column":null}},"195":{"start":{"line":332,"column":23},"end":{"line":332,"column":null}},"196":{"start":{"line":333,"column":19},"end":{"line":333,"column":null}},"197":{"start":{"line":334,"column":8},"end":{"line":340,"column":null}},"198":{"start":{"line":334,"column":21},"end":{"line":334,"column":24}},"199":{"start":{"line":335,"column":20},"end":{"line":335,"column":null}},"200":{"start":{"line":336,"column":10},"end":{"line":336,"column":null}},"201":{"start":{"line":337,"column":22},"end":{"line":337,"column":null}},"202":{"start":{"line":338,"column":10},"end":{"line":338,"column":null}},"203":{"start":{"line":339,"column":10},"end":{"line":339,"column":null}},"204":{"start":{"line":339,"column":32},"end":{"line":339,"column":null}},"205":{"start":{"line":341,"column":8},"end":{"line":341,"column":null}},"206":{"start":{"line":347,"column":27},"end":{"line":347,"column":null}},"207":{"start":{"line":348,"column":25},"end":{"line":348,"column":null}},"208":{"start":{"line":349,"column":24},"end":{"line":349,"column":null}},"209":{"start":{"line":350,"column":24},"end":{"line":350,"column":null}},"210":{"start":{"line":351,"column":6},"end":{"line":360,"column":null}},"211":{"start":{"line":351,"column":19},"end":{"line":351,"column":22}},"212":{"start":{"line":352,"column":18},"end":{"line":352,"column":null}},"213":{"start":{"line":353,"column":8},"end":{"line":353,"column":null}},"214":{"start":{"line":354,"column":20},"end":{"line":354,"column":null}},"215":{"start":{"line":355,"column":23},"end":{"line":355,"column":null}},"216":{"start":{"line":356,"column":8},"end":{"line":356,"column":null}},"217":{"start":{"line":357,"column":8},"end":{"line":359,"column":null}},"218":{"start":{"line":358,"column":10},"end":{"line":358,"column":null}},"219":{"start":{"line":361,"column":20},"end":{"line":361,"column":null}},"220":{"start":{"line":363,"column":6},"end":{"line":375,"column":null}},"221":{"start":{"line":380,"column":56},"end":{"line":380,"column":null}},"222":{"start":{"line":381,"column":2},"end":{"line":383,"column":null}},"223":{"start":{"line":381,"column":15},"end":{"line":381,"column":18}},"224":{"start":{"line":382,"column":4},"end":{"line":382,"column":null}},"225":{"start":{"line":385,"column":2},"end":{"line":706,"column":null}},"226":{"start":{"line":419,"column":54},"end":{"line":419,"column":78}},"227":{"start":{"line":439,"column":91},"end":{"line":439,"column":108}},"228":{"start":{"line":440,"column":92},"end":{"line":440,"column":110}},"229":{"start":{"line":458,"column":20},"end":{"line":464,"column":null}},"230":{"start":{"line":472,"column":38},"end":{"line":472,"column":null}},"231":{"start":{"line":473,"column":39},"end":{"line":473,"column":null}},"232":{"start":{"line":474,"column":18},"end":{"line":476,"column":null}},"233":{"start":{"line":474,"column":31},"end":{"line":474,"column":34}},"234":{"start":{"line":475,"column":20},"end":{"line":475,"column":null}},"235":{"start":{"line":475,"column":44},"end":{"line":475,"column":null}},"236":{"start":{"line":477,"column":31},"end":{"line":477,"column":null}},"237":{"start":{"line":478,"column":34},"end":{"line":478,"column":null}},"238":{"start":{"line":480,"column":18},"end":{"line":566,"column":null}},"239":{"start":{"line":489,"column":45},"end":{"line":489,"column":null}},"240":{"start":{"line":491,"column":32},"end":{"line":491,"column":null}},"241":{"start":{"line":491,"column":55},"end":{"line":491,"column":null}},"242":{"start":{"line":492,"column":32},"end":{"line":492,"column":null}},"243":{"start":{"line":492,"column":56},"end":{"line":492,"column":null}},"244":{"start":{"line":498,"column":45},"end":{"line":498,"column":null}},"245":{"start":{"line":506,"column":28},"end":{"line":506,"column":null}},"246":{"start":{"line":516,"column":40},"end":{"line":516,"column":null}},"247":{"start":{"line":517,"column":40},"end":{"line":517,"column":null}},"248":{"start":{"line":518,"column":42},"end":{"line":518,"column":null}},"249":{"start":{"line":519,"column":24},"end":{"line":535,"column":null}},"250":{"start":{"line":523,"column":43},"end":{"line":523,"column":null}},"251":{"start":{"line":545,"column":45},"end":{"line":545,"column":null}},"252":{"start":{"line":547,"column":42},"end":{"line":547,"column":null}},"253":{"start":{"line":549,"column":30},"end":{"line":549,"column":null}},"254":{"start":{"line":549,"column":53},"end":{"line":549,"column":null}},"255":{"start":{"line":550,"column":30},"end":{"line":550,"column":null}},"256":{"start":{"line":550,"column":56},"end":{"line":550,"column":80}},"257":{"start":{"line":550,"column":80},"end":{"line":550,"column":105}},"258":{"start":{"line":556,"column":43},"end":{"line":556,"column":null}},"259":{"start":{"line":597,"column":20},"end":{"line":621,"column":null}},"260":{"start":{"line":639,"column":33},"end":{"line":639,"column":null}},"261":{"start":{"line":642,"column":18},"end":{"line":642,"column":null}},"262":{"start":{"line":642,"column":41},"end":{"line":642,"column":null}},"263":{"start":{"line":643,"column":18},"end":{"line":643,"column":null}},"264":{"start":{"line":643,"column":44},"end":{"line":643,"column":73}},"265":{"start":{"line":643,"column":73},"end":{"line":643,"column":94}},"266":{"start":{"line":647,"column":72},"end":{"line":647,"column":101}},"267":{"start":{"line":647,"column":101},"end":{"line":647,"column":122}},"268":{"start":{"line":650,"column":61},"end":{"line":650,"column":89}},"269":{"start":{"line":658,"column":27},"end":{"line":658,"column":null}},"270":{"start":{"line":677,"column":31},"end":{"line":677,"column":null}},"271":{"start":{"line":681,"column":16},"end":{"line":681,"column":null}},"272":{"start":{"line":681,"column":52},"end":{"line":681,"column":null}},"273":{"start":{"line":682,"column":16},"end":{"line":682,"column":null}},"274":{"start":{"line":682,"column":42},"end":{"line":682,"column":70}},"275":{"start":{"line":682,"column":70},"end":{"line":682,"column":93}},"276":{"start":{"line":690,"column":16},"end":{"line":700,"column":null}},"277":{"start":{"line":695,"column":66},"end":{"line":695,"column":93}}},"fnMap":{"0":{"name":"getDaysInMonth","decl":{"start":{"line":22,"column":9},"end":{"line":22,"column":24}},"loc":{"start":{"line":22,"column":61},"end":{"line":24,"column":null}},"line":22},"1":{"name":"getDayLetter","decl":{"start":{"line":26,"column":9},"end":{"line":26,"column":22}},"loc":{"start":{"line":26,"column":43},"end":{"line":30,"column":null}},"line":26},"2":{"name":"parseDateStr","decl":{"start":{"line":32,"column":9},"end":{"line":32,"column":22}},"loc":{"start":{"line":32,"column":72},"end":{"line":34,"column":null}},"line":32},"3":{"name":"App","decl":{"start":{"line":41,"column":24},"end":{"line":41,"column":30}},"loc":{"start":{"line":41,"column":30},"end":{"line":708,"column":null}},"line":41},"4":{"name":"(anonymous_4)","decl":{"start":{"line":50,"column":34},"end":{"line":50,"column":49}},"loc":{"start":{"line":50,"column":49},"end":{"line":57,"column":3}},"line":50},"5":{"name":"(anonymous_5)","decl":{"start":{"line":64,"column":28},"end":{"line":64,"column":43}},"loc":{"start":{"line":64,"column":43},"end":{"line":66,"column":3}},"line":64},"6":{"name":"(anonymous_6)","decl":{"start":{"line":69,"column":2},"end":{"line":69,"column":18}},"loc":{"start":{"line":69,"column":18},"end":{"line":74,"column":5}},"line":69},"7":{"name":"cycleTheme","decl":{"start":{"line":78,"column":11},"end":{"line":78,"column":24}},"loc":{"start":{"line":78,"column":24},"end":{"line":81,"column":null}},"line":78},"8":{"name":"(anonymous_8)","decl":{"start":{"line":96,"column":2},"end":{"line":96,"column":18}},"loc":{"start":{"line":96,"column":18},"end":{"line":138,"column":5}},"line":96},"9":{"name":"onKeyDown","decl":{"start":{"line":97,"column":13},"end":{"line":97,"column":23}},"loc":{"start":{"line":97,"column":41},"end":{"line":135,"column":null}},"line":97},"10":{"name":"(anonymous_10)","decl":{"start":{"line":137,"column":4},"end":{"line":137,"column":17}},"loc":{"start":{"line":137,"column":17},"end":{"line":137,"column":null}},"line":137},"11":{"name":"(anonymous_11)","decl":{"start":{"line":140,"column":2},"end":{"line":140,"column":18}},"loc":{"start":{"line":140,"column":18},"end":{"line":149,"column":5}},"line":140},"12":{"name":"(anonymous_12)","decl":{"start":{"line":151,"column":2},"end":{"line":151,"column":18}},"loc":{"start":{"line":151,"column":18},"end":{"line":164,"column":5}},"line":151},"13":{"name":"update","decl":{"start":{"line":152,"column":13},"end":{"line":152,"column":22}},"loc":{"start":{"line":152,"column":22},"end":{"line":161,"column":null}},"line":152},"14":{"name":"prevMonth","decl":{"start":{"line":166,"column":11},"end":{"line":166,"column":23}},"loc":{"start":{"line":166,"column":23},"end":{"line":173,"column":null}},"line":166},"15":{"name":"nextMonth","decl":{"start":{"line":175,"column":11},"end":{"line":175,"column":23}},"loc":{"start":{"line":175,"column":23},"end":{"line":182,"column":null}},"line":175},"16":{"name":"handleCellClick","decl":{"start":{"line":184,"column":11},"end":{"line":184,"column":27}},"loc":{"start":{"line":184,"column":57},"end":{"line":187,"column":null}},"line":184},"17":{"name":"handleAddHabit","decl":{"start":{"line":189,"column":11},"end":{"line":189,"column":28}},"loc":{"start":{"line":189,"column":28},"end":{"line":195,"column":null}},"line":189},"18":{"name":"handleHabitNameSave","decl":{"start":{"line":197,"column":11},"end":{"line":197,"column":31}},"loc":{"start":{"line":197,"column":62},"end":{"line":202,"column":null}},"line":197},"19":{"name":"handleAddNote","decl":{"start":{"line":205,"column":11},"end":{"line":205,"column":27}},"loc":{"start":{"line":205,"column":27},"end":{"line":211,"column":null}},"line":205},"20":{"name":"handleDeleteNote","decl":{"start":{"line":213,"column":11},"end":{"line":213,"column":28}},"loc":{"start":{"line":213,"column":40},"end":{"line":215,"column":null}},"line":213},"21":{"name":"handleGoalClick","decl":{"start":{"line":217,"column":11},"end":{"line":217,"column":27}},"loc":{"start":{"line":217,"column":65},"end":{"line":220,"column":null}},"line":217},"22":{"name":"handleGoalSave","decl":{"start":{"line":222,"column":11},"end":{"line":222,"column":26}},"loc":{"start":{"line":222,"column":43},"end":{"line":229,"column":null}},"line":222},"23":{"name":"downloadBlob","decl":{"start":{"line":232,"column":11},"end":{"line":232,"column":24}},"loc":{"start":{"line":232,"column":77},"end":{"line":242,"column":null}},"line":232},"24":{"name":"handleExportJSON","decl":{"start":{"line":244,"column":11},"end":{"line":244,"column":30}},"loc":{"start":{"line":244,"column":30},"end":{"line":249,"column":null}},"line":244},"25":{"name":"handleExportCSV","decl":{"start":{"line":251,"column":11},"end":{"line":251,"column":29}},"loc":{"start":{"line":251,"column":29},"end":{"line":269,"column":null}},"line":251},"26":{"name":"(anonymous_26)","decl":{"start":{"line":253,"column":44},"end":{"line":253,"column":49}},"loc":{"start":{"line":253,"column":55},"end":{"line":253,"column":69}},"line":253},"27":{"name":"(anonymous_27)","decl":{"start":{"line":257,"column":34},"end":{"line":257,"column":39}},"loc":{"start":{"line":257,"column":46},"end":{"line":264,"column":5}},"line":257},"28":{"name":"getCheckedDates","decl":{"start":{"line":274,"column":11},"end":{"line":274,"column":27}},"loc":{"start":{"line":274,"column":54},"end":{"line":279,"column":null}},"line":274},"29":{"name":"(anonymous_29)","decl":{"start":{"line":275,"column":48},"end":{"line":275,"column":56}},"loc":{"start":{"line":275,"column":62},"end":{"line":275,"column":73}},"line":275},"30":{"name":"(anonymous_30)","decl":{"start":{"line":276,"column":25},"end":{"line":276,"column":30}},"loc":{"start":{"line":276,"column":36},"end":{"line":276,"column":42}},"line":276},"31":{"name":"streakBackwards","decl":{"start":{"line":283,"column":11},"end":{"line":283,"column":27}},"loc":{"start":{"line":283,"column":70},"end":{"line":296,"column":null}},"line":283},"32":{"name":"longestStreak","decl":{"start":{"line":299,"column":11},"end":{"line":299,"column":25}},"loc":{"start":{"line":299,"column":50},"end":{"line":316,"column":null}},"line":299},"33":{"name":"(anonymous_33)","decl":{"start":{"line":319,"column":21},"end":{"line":319,"column":35}},"loc":{"start":{"line":319,"column":35},"end":{"line":377,"column":5}},"line":319},"34":{"name":"(anonymous_34)","decl":{"start":{"line":320,"column":18},"end":{"line":320,"column":23}},"loc":{"start":{"line":320,"column":33},"end":{"line":376,"column":5}},"line":320},"35":{"name":"(anonymous_35)","decl":{"start":{"line":419,"column":39},"end":{"line":419,"column":54}},"loc":{"start":{"line":419,"column":54},"end":{"line":419,"column":78}},"line":419},"36":{"name":"(anonymous_36)","decl":{"start":{"line":439,"column":76},"end":{"line":439,"column":91}},"loc":{"start":{"line":439,"column":91},"end":{"line":439,"column":108}},"line":439},"37":{"name":"(anonymous_37)","decl":{"start":{"line":440,"column":77},"end":{"line":440,"column":92}},"loc":{"start":{"line":440,"column":92},"end":{"line":440,"column":110}},"line":440},"38":{"name":"(anonymous_38)","decl":{"start":{"line":457,"column":30},"end":{"line":457,"column":35}},"loc":{"start":{"line":458,"column":20},"end":{"line":464,"column":null}},"line":458},"39":{"name":"(anonymous_39)","decl":{"start":{"line":471,"column":24},"end":{"line":471,"column":29}},"loc":{"start":{"line":471,"column":39},"end":{"line":568,"column":17}},"line":471},"40":{"name":"(anonymous_40)","decl":{"start":{"line":489,"column":30},"end":{"line":489,"column":39}},"loc":{"start":{"line":489,"column":45},"end":{"line":489,"column":null}},"line":489},"41":{"name":"(anonymous_41)","decl":{"start":{"line":490,"column":30},"end":{"line":490,"column":42}},"loc":{"start":{"line":490,"column":48},"end":{"line":493,"column":null}},"line":490},"42":{"name":"(anonymous_42)","decl":{"start":{"line":498,"column":30},"end":{"line":498,"column":45}},"loc":{"start":{"line":498,"column":45},"end":{"line":498,"column":null}},"line":498},"43":{"name":"(anonymous_43)","decl":{"start":{"line":506,"column":28},"end":{"line":506,"column":43}},"loc":{"start":{"line":506,"column":28},"end":{"line":506,"column":null}},"line":506},"44":{"name":"(anonymous_44)","decl":{"start":{"line":515,"column":34},"end":{"line":515,"column":39}},"loc":{"start":{"line":515,"column":53},"end":{"line":537,"column":23}},"line":515},"45":{"name":"(anonymous_45)","decl":{"start":{"line":523,"column":28},"end":{"line":523,"column":43}},"loc":{"start":{"line":523,"column":43},"end":{"line":523,"column":null}},"line":523},"46":{"name":"(anonymous_46)","decl":{"start":{"line":545,"column":28},"end":{"line":545,"column":39}},"loc":{"start":{"line":545,"column":45},"end":{"line":545,"column":null}},"line":545},"47":{"name":"(anonymous_47)","decl":{"start":{"line":547,"column":28},"end":{"line":547,"column":42}},"loc":{"start":{"line":547,"column":42},"end":{"line":547,"column":null}},"line":547},"48":{"name":"(anonymous_48)","decl":{"start":{"line":548,"column":28},"end":{"line":548,"column":40}},"loc":{"start":{"line":548,"column":46},"end":{"line":551,"column":null}},"line":548},"49":{"name":"(anonymous_49)","decl":{"start":{"line":556,"column":28},"end":{"line":556,"column":43}},"loc":{"start":{"line":556,"column":43},"end":{"line":556,"column":null}},"line":556},"50":{"name":"(anonymous_50)","decl":{"start":{"line":596,"column":30},"end":{"line":596,"column":35}},"loc":{"start":{"line":597,"column":20},"end":{"line":621,"column":null}},"line":597},"51":{"name":"(anonymous_51)","decl":{"start":{"line":639,"column":16},"end":{"line":639,"column":27}},"loc":{"start":{"line":639,"column":33},"end":{"line":639,"column":null}},"line":639},"52":{"name":"(anonymous_52)","decl":{"start":{"line":641,"column":16},"end":{"line":641,"column":28}},"loc":{"start":{"line":641,"column":34},"end":{"line":644,"column":null}},"line":641},"53":{"name":"(anonymous_53)","decl":{"start":{"line":647,"column":55},"end":{"line":647,"column":70}},"loc":{"start":{"line":647,"column":70},"end":{"line":647,"column":125}},"line":647},"54":{"name":"(anonymous_54)","decl":{"start":{"line":650,"column":46},"end":{"line":650,"column":61}},"loc":{"start":{"line":650,"column":61},"end":{"line":650,"column":89}},"line":650},"55":{"name":"(anonymous_55)","decl":{"start":{"line":658,"column":12},"end":{"line":658,"column":27}},"loc":{"start":{"line":658,"column":27},"end":{"line":658,"column":null}},"line":658},"56":{"name":"(anonymous_56)","decl":{"start":{"line":677,"column":14},"end":{"line":677,"column":25}},"loc":{"start":{"line":677,"column":31},"end":{"line":677,"column":null}},"line":677},"57":{"name":"(anonymous_57)","decl":{"start":{"line":680,"column":14},"end":{"line":680,"column":26}},"loc":{"start":{"line":680,"column":32},"end":{"line":683,"column":null}},"line":680},"58":{"name":"(anonymous_58)","decl":{"start":{"line":689,"column":21},"end":{"line":689,"column":26}},"loc":{"start":{"line":690,"column":16},"end":{"line":700,"column":null}},"line":690},"59":{"name":"(anonymous_59)","decl":{"start":{"line":695,"column":51},"end":{"line":695,"column":66}},"loc":{"start":{"line":695,"column":66},"end":{"line":695,"column":93}},"line":695}},"branchMap":{"0":{"loc":{"start":{"line":65,"column":17},"end":{"line":65,"column":64}},"type":"binary-expr","locations":[{"start":{"line":65,"column":17},"end":{"line":65,"column":60}},{"start":{"line":65,"column":60},"end":{"line":65,"column":64}}],"line":65},"1":{"loc":{"start":{"line":72,"column":4},"end":{"line":72,"column":null}},"type":"if","locations":[{"start":{"line":72,"column":4},"end":{"line":72,"column":null}},{"start":{},"end":{}}],"line":72},"2":{"loc":{"start":{"line":92,"column":25},"end":{"line":92,"column":null}},"type":"binary-expr","locations":[{"start":{"line":92,"column":25},"end":{"line":92,"column":57}},{"start":{"line":92,"column":57},"end":{"line":92,"column":null}}],"line":92},"3":{"loc":{"start":{"line":100,"column":6},"end":{"line":100,"column":null}},"type":"if","locations":[{"start":{"line":100,"column":6},"end":{"line":100,"column":null}},{"start":{},"end":{}}],"line":100},"4":{"loc":{"start":{"line":100,"column":10},"end":{"line":100,"column":49}},"type":"binary-expr","locations":[{"start":{"line":100,"column":10},"end":{"line":100,"column":29}},{"start":{"line":100,"column":29},"end":{"line":100,"column":49}}],"line":100},"5":{"loc":{"start":{"line":102,"column":19},"end":{"line":102,"column":null}},"type":"binary-expr","locations":[{"start":{"line":102,"column":19},"end":{"line":102,"column":32}},{"start":{"line":102,"column":32},"end":{"line":102,"column":null}}],"line":102},"6":{"loc":{"start":{"line":104,"column":6},"end":{"line":108,"column":null}},"type":"if","locations":[{"start":{"line":104,"column":6},"end":{"line":108,"column":null}},{"start":{},"end":{}}],"line":104},"7":{"loc":{"start":{"line":104,"column":10},"end":{"line":104,"column":33}},"type":"binary-expr","locations":[{"start":{"line":104,"column":10},"end":{"line":104,"column":18}},{"start":{"line":104,"column":18},"end":{"line":104,"column":33}}],"line":104},"8":{"loc":{"start":{"line":109,"column":6},"end":{"line":113,"column":null}},"type":"if","locations":[{"start":{"line":109,"column":6},"end":{"line":113,"column":null}},{"start":{},"end":{}}],"line":109},"9":{"loc":{"start":{"line":109,"column":10},"end":{"line":109,"column":68}},"type":"binary-expr","locations":[{"start":{"line":109,"column":10},"end":{"line":109,"column":19}},{"start":{"line":109,"column":19},"end":{"line":109,"column":37}},{"start":{"line":109,"column":37},"end":{"line":109,"column":54}},{"start":{"line":109,"column":54},"end":{"line":109,"column":68}}],"line":109},"10":{"loc":{"start":{"line":115,"column":6},"end":{"line":115,"column":null}},"type":"if","locations":[{"start":{"line":115,"column":6},"end":{"line":115,"column":null}},{"start":{},"end":{}}],"line":115},"11":{"loc":{"start":{"line":115,"column":10},"end":{"line":115,"column":50}},"type":"binary-expr","locations":[{"start":{"line":115,"column":10},"end":{"line":115,"column":29}},{"start":{"line":115,"column":29},"end":{"line":115,"column":50}}],"line":115},"12":{"loc":{"start":{"line":118,"column":6},"end":{"line":118,"column":null}},"type":"if","locations":[{"start":{"line":118,"column":6},"end":{"line":118,"column":null}},{"start":{},"end":{}}],"line":118},"13":{"loc":{"start":{"line":120,"column":6},"end":{"line":120,"column":null}},"type":"if","locations":[{"start":{"line":120,"column":6},"end":{"line":120,"column":null}},{"start":{},"end":{}}],"line":120},"14":{"loc":{"start":{"line":121,"column":6},"end":{"line":121,"column":null}},"type":"if","locations":[{"start":{"line":121,"column":6},"end":{"line":121,"column":null}},{"start":{},"end":{}}],"line":121},"15":{"loc":{"start":{"line":122,"column":6},"end":{"line":122,"column":null}},"type":"if","locations":[{"start":{"line":122,"column":6},"end":{"line":122,"column":null}},{"start":{},"end":{}}],"line":122},"16":{"loc":{"start":{"line":123,"column":6},"end":{"line":123,"column":null}},"type":"if","locations":[{"start":{"line":123,"column":6},"end":{"line":123,"column":null}},{"start":{},"end":{}}],"line":123},"17":{"loc":{"start":{"line":125,"column":6},"end":{"line":129,"column":null}},"type":"if","locations":[{"start":{"line":125,"column":6},"end":{"line":129,"column":null}},{"start":{},"end":{}}],"line":125},"18":{"loc":{"start":{"line":131,"column":6},"end":{"line":134,"column":null}},"type":"if","locations":[{"start":{"line":131,"column":6},"end":{"line":134,"column":null}},{"start":{},"end":{}}],"line":131},"19":{"loc":{"start":{"line":131,"column":10},"end":{"line":131,"column":33}},"type":"binary-expr","locations":[{"start":{"line":131,"column":10},"end":{"line":131,"column":27}},{"start":{"line":131,"column":27},"end":{"line":131,"column":33}}],"line":131},"20":{"loc":{"start":{"line":141,"column":4},"end":{"line":145,"column":null}},"type":"if","locations":[{"start":{"line":141,"column":4},"end":{"line":145,"column":null}},{"start":{"line":143,"column":11},"end":{"line":145,"column":null}}],"line":141},"21":{"loc":{"start":{"line":147,"column":49},"end":{"line":147,"column":69}},"type":"cond-expr","locations":[{"start":{"line":147,"column":60},"end":{"line":147,"column":66}},{"start":{"line":147,"column":66},"end":{"line":147,"column":69}}],"line":147},"22":{"loc":{"start":{"line":167,"column":4},"end":{"line":172,"column":null}},"type":"if","locations":[{"start":{"line":167,"column":4},"end":{"line":172,"column":null}},{"start":{"line":170,"column":11},"end":{"line":172,"column":null}}],"line":167},"23":{"loc":{"start":{"line":176,"column":4},"end":{"line":181,"column":null}},"type":"if","locations":[{"start":{"line":176,"column":4},"end":{"line":181,"column":null}},{"start":{"line":179,"column":11},"end":{"line":181,"column":null}}],"line":176},"24":{"loc":{"start":{"line":190,"column":4},"end":{"line":194,"column":null}},"type":"if","locations":[{"start":{"line":190,"column":4},"end":{"line":194,"column":null}},{"start":{},"end":{}}],"line":190},"25":{"loc":{"start":{"line":198,"column":4},"end":{"line":200,"column":null}},"type":"if","locations":[{"start":{"line":198,"column":4},"end":{"line":200,"column":null}},{"start":{},"end":{}}],"line":198},"26":{"loc":{"start":{"line":206,"column":4},"end":{"line":210,"column":null}},"type":"if","locations":[{"start":{"line":206,"column":4},"end":{"line":210,"column":null}},{"start":{},"end":{}}],"line":206},"27":{"loc":{"start":{"line":224,"column":4},"end":{"line":226,"column":null}},"type":"if","locations":[{"start":{"line":224,"column":4},"end":{"line":226,"column":null}},{"start":{},"end":{}}],"line":224},"28":{"loc":{"start":{"line":224,"column":8},"end":{"line":224,"column":39}},"type":"binary-expr","locations":[{"start":{"line":224,"column":8},"end":{"line":224,"column":26}},{"start":{"line":224,"column":26},"end":{"line":224,"column":39}}],"line":224},"29":{"loc":{"start":{"line":258,"column":24},"end":{"line":258,"column":null}},"type":"binary-expr","locations":[{"start":{"line":258,"column":24},"end":{"line":258,"column":52}},{"start":{"line":258,"column":52},"end":{"line":258,"column":null}}],"line":258},"30":{"loc":{"start":{"line":260,"column":23},"end":{"line":262,"column":null}},"type":"cond-expr","locations":[{"start":{"line":261,"column":10},"end":{"line":261,"column":null}},{"start":{"line":262,"column":10},"end":{"line":262,"column":null}}],"line":260},"31":{"loc":{"start":{"line":260,"column":23},"end":{"line":260,"column":null}},"type":"binary-expr","locations":[{"start":{"line":260,"column":23},"end":{"line":260,"column":50}},{"start":{"line":260,"column":50},"end":{"line":260,"column":null}}],"line":260},"32":{"loc":{"start":{"line":263,"column":39},"end":{"line":263,"column":null}},"type":"cond-expr","locations":[{"start":{"line":263,"column":54},"end":{"line":263,"column":60}},{"start":{"line":263,"column":60},"end":{"line":263,"column":null}}],"line":263},"33":{"loc":{"start":{"line":288,"column":6},"end":{"line":293,"column":null}},"type":"if","locations":[{"start":{"line":288,"column":6},"end":{"line":293,"column":null}},{"start":{"line":291,"column":13},"end":{"line":293,"column":null}}],"line":288},"34":{"loc":{"start":{"line":300,"column":4},"end":{"line":300,"column":null}},"type":"if","locations":[{"start":{"line":300,"column":4},"end":{"line":300,"column":null}},{"start":{},"end":{}}],"line":300},"35":{"loc":{"start":{"line":308,"column":6},"end":{"line":313,"column":null}},"type":"if","locations":[{"start":{"line":308,"column":6},"end":{"line":313,"column":null}},{"start":{"line":311,"column":13},"end":{"line":313,"column":null}}],"line":308},"36":{"loc":{"start":{"line":339,"column":10},"end":{"line":339,"column":null}},"type":"if","locations":[{"start":{"line":339,"column":10},"end":{"line":339,"column":null}},{"start":{},"end":{}}],"line":339},"37":{"loc":{"start":{"line":341,"column":22},"end":{"line":341,"column":null}},"type":"cond-expr","locations":[{"start":{"line":341,"column":37},"end":{"line":341,"column":75}},{"start":{"line":341,"column":75},"end":{"line":341,"column":null}}],"line":341},"38":{"loc":{"start":{"line":357,"column":8},"end":{"line":359,"column":null}},"type":"if","locations":[{"start":{"line":357,"column":8},"end":{"line":359,"column":null}},{"start":{},"end":{}}],"line":357},"39":{"loc":{"start":{"line":361,"column":20},"end":{"line":361,"column":null}},"type":"cond-expr","locations":[{"start":{"line":361,"column":38},"end":{"line":361,"column":86}},{"start":{"line":361,"column":86},"end":{"line":361,"column":null}}],"line":361},"40":{"loc":{"start":{"line":439,"column":41},"end":{"line":439,"column":76}},"type":"cond-expr","locations":[{"start":{"line":439,"column":59},"end":{"line":439,"column":70}},{"start":{"line":439,"column":70},"end":{"line":439,"column":76}}],"line":439},"41":{"loc":{"start":{"line":440,"column":41},"end":{"line":440,"column":77}},"type":"cond-expr","locations":[{"start":{"line":440,"column":60},"end":{"line":440,"column":71}},{"start":{"line":440,"column":71},"end":{"line":440,"column":77}}],"line":440},"42":{"loc":{"start":{"line":444,"column":7},"end":{"line":627,"column":null}},"type":"cond-expr","locations":[{"start":{"line":445,"column":8},"end":{"line":573,"column":null}},{"start":{"line":575,"column":8},"end":{"line":627,"column":null}}],"line":444},"43":{"loc":{"start":{"line":446,"column":11},"end":{"line":571,"column":null}},"type":"cond-expr","locations":[{"start":{"line":447,"column":12},"end":{"line":452,"column":11}},{"start":{"line":452,"column":10},"end":{"line":571,"column":null}}],"line":446},"44":{"loc":{"start":{"line":460,"column":44},"end":{"line":460,"column":null}},"type":"cond-expr","locations":[{"start":{"line":460,"column":83},"end":{"line":460,"column":93}},{"start":{"line":460,"column":93},"end":{"line":460,"column":null}}],"line":460},"45":{"loc":{"start":{"line":460,"column":44},"end":{"line":460,"column":83}},"type":"binary-expr","locations":[{"start":{"line":460,"column":44},"end":{"line":460,"column":62}},{"start":{"line":460,"column":62},"end":{"line":460,"column":83}}],"line":460},"46":{"loc":{"start":{"line":472,"column":38},"end":{"line":472,"column":null}},"type":"binary-expr","locations":[{"start":{"line":472,"column":38},"end":{"line":472,"column":64}},{"start":{"line":472,"column":64},"end":{"line":472,"column":null}}],"line":472},"47":{"loc":{"start":{"line":475,"column":20},"end":{"line":475,"column":null}},"type":"if","locations":[{"start":{"line":475,"column":20},"end":{"line":475,"column":null}},{"start":{},"end":{}}],"line":475},"48":{"loc":{"start":{"line":477,"column":31},"end":{"line":477,"column":null}},"type":"binary-expr","locations":[{"start":{"line":477,"column":31},"end":{"line":477,"column":45}},{"start":{"line":477,"column":45},"end":{"line":477,"column":null}}],"line":477},"49":{"loc":{"start":{"line":484,"column":27},"end":{"line":504,"column":27}},"type":"cond-expr","locations":[{"start":{"line":485,"column":28},"end":{"line":496,"column":29}},{"start":{"line":496,"column":28},"end":{"line":504,"column":27}}],"line":484},"50":{"loc":{"start":{"line":491,"column":32},"end":{"line":491,"column":null}},"type":"if","locations":[{"start":{"line":491,"column":32},"end":{"line":491,"column":null}},{"start":{},"end":{}}],"line":491},"51":{"loc":{"start":{"line":492,"column":32},"end":{"line":492,"column":null}},"type":"if","locations":[{"start":{"line":492,"column":32},"end":{"line":492,"column":null}},{"start":{},"end":{}}],"line":492},"52":{"loc":{"start":{"line":516,"column":40},"end":{"line":516,"column":null}},"type":"binary-expr","locations":[{"start":{"line":516,"column":40},"end":{"line":516,"column":66}},{"start":{"line":516,"column":66},"end":{"line":516,"column":null}}],"line":516},"53":{"loc":{"start":{"line":517,"column":40},"end":{"line":517,"column":null}},"type":"binary-expr","locations":[{"start":{"line":517,"column":40},"end":{"line":517,"column":58}},{"start":{"line":517,"column":58},"end":{"line":517,"column":null}}],"line":517},"54":{"loc":{"start":{"line":518,"column":42},"end":{"line":518,"column":null}},"type":"binary-expr","locations":[{"start":{"line":518,"column":42},"end":{"line":518,"column":64}},{"start":{"line":518,"column":64},"end":{"line":518,"column":null}}],"line":518},"55":{"loc":{"start":{"line":522,"column":50},"end":{"line":522,"column":73}},"type":"cond-expr","locations":[{"start":{"line":522,"column":60},"end":{"line":522,"column":70}},{"start":{"line":522,"column":70},"end":{"line":522,"column":73}}],"line":522},"56":{"loc":{"start":{"line":522,"column":76},"end":{"line":522,"column":null}},"type":"cond-expr","locations":[{"start":{"line":522,"column":88},"end":{"line":522,"column":100}},{"start":{"line":522,"column":100},"end":{"line":522,"column":null}}],"line":522},"57":{"loc":{"start":{"line":526,"column":53},"end":{"line":526,"column":null}},"type":"cond-expr","locations":[{"start":{"line":526,"column":63},"end":{"line":526,"column":75}},{"start":{"line":526,"column":75},"end":{"line":526,"column":null}}],"line":526},"58":{"loc":{"start":{"line":527,"column":37},"end":{"line":527,"column":null}},"type":"cond-expr","locations":[{"start":{"line":527,"column":47},"end":{"line":527,"column":78}},{"start":{"line":527,"column":78},"end":{"line":527,"column":null}}],"line":527},"59":{"loc":{"start":{"line":529,"column":31},"end":{"line":532,"column":null}},"type":"binary-expr","locations":[{"start":{"line":529,"column":31},"end":{"line":529,"column":null}},{"start":{"line":530,"column":32},"end":{"line":532,"column":null}}],"line":529},"60":{"loc":{"start":{"line":539,"column":25},"end":{"line":560,"column":null}},"type":"cond-expr","locations":[{"start":{"line":540,"column":26},"end":{"line":554,"column":27}},{"start":{"line":554,"column":26},"end":{"line":560,"column":null}}],"line":539},"61":{"loc":{"start":{"line":549,"column":30},"end":{"line":549,"column":null}},"type":"if","locations":[{"start":{"line":549,"column":30},"end":{"line":549,"column":null}},{"start":{},"end":{}}],"line":549},"62":{"loc":{"start":{"line":550,"column":30},"end":{"line":550,"column":null}},"type":"if","locations":[{"start":{"line":550,"column":30},"end":{"line":550,"column":null}},{"start":{},"end":{}}],"line":550},"63":{"loc":{"start":{"line":578,"column":13},"end":{"line":624,"column":null}},"type":"cond-expr","locations":[{"start":{"line":579,"column":14},"end":{"line":581,"column":15}},{"start":{"line":581,"column":14},"end":{"line":624,"column":null}}],"line":578},"64":{"loc":{"start":{"line":609,"column":25},"end":{"line":612,"column":null}},"type":"cond-expr","locations":[{"start":{"line":610,"column":26},"end":{"line":612,"column":27}},{"start":{"line":612,"column":26},"end":{"line":612,"column":null}}],"line":609},"65":{"loc":{"start":{"line":633,"column":11},"end":{"line":652,"column":null}},"type":"cond-expr","locations":[{"start":{"line":634,"column":12},"end":{"line":650,"column":13}},{"start":{"line":650,"column":12},"end":{"line":652,"column":null}}],"line":633},"66":{"loc":{"start":{"line":642,"column":18},"end":{"line":642,"column":null}},"type":"if","locations":[{"start":{"line":642,"column":18},"end":{"line":642,"column":null}},{"start":{},"end":{}}],"line":642},"67":{"loc":{"start":{"line":643,"column":18},"end":{"line":643,"column":null}},"type":"if","locations":[{"start":{"line":643,"column":18},"end":{"line":643,"column":null}},{"start":{},"end":{}}],"line":643},"68":{"loc":{"start":{"line":657,"column":40},"end":{"line":657,"column":null}},"type":"cond-expr","locations":[{"start":{"line":657,"column":59},"end":{"line":657,"column":70}},{"start":{"line":657,"column":70},"end":{"line":657,"column":null}}],"line":657},"69":{"loc":{"start":{"line":670,"column":7},"end":{"line":704,"column":null}},"type":"binary-expr","locations":[{"start":{"line":670,"column":7},"end":{"line":670,"column":null}},{"start":{"line":671,"column":8},"end":{"line":704,"column":null}}],"line":670},"70":{"loc":{"start":{"line":681,"column":16},"end":{"line":681,"column":null}},"type":"if","locations":[{"start":{"line":681,"column":16},"end":{"line":681,"column":null}},{"start":{},"end":{}}],"line":681},"71":{"loc":{"start":{"line":681,"column":20},"end":{"line":681,"column":52}},"type":"binary-expr","locations":[{"start":{"line":681,"column":20},"end":{"line":681,"column":41}},{"start":{"line":681,"column":41},"end":{"line":681,"column":52}}],"line":681},"72":{"loc":{"start":{"line":682,"column":16},"end":{"line":682,"column":null}},"type":"if","locations":[{"start":{"line":682,"column":16},"end":{"line":682,"column":null}},{"start":{},"end":{}}],"line":682},"73":{"loc":{"start":{"line":687,"column":11},"end":{"line":704,"column":null}},"type":"binary-expr","locations":[{"start":{"line":687,"column":11},"end":{"line":687,"column":null}},{"start":{"line":688,"column":12},"end":{"line":704,"column":null}}],"line":687}},"s":{"0":164,"1":4922,"2":4922,"3":4922,"4":8747,"5":1,"6":164,"7":164,"8":164,"9":164,"10":164,"11":164,"12":164,"13":164,"14":164,"15":20,"16":20,"17":0,"18":164,"19":164,"20":164,"21":164,"22":164,"23":164,"24":164,"25":20,"26":20,"27":0,"28":164,"29":21,"30":21,"31":21,"32":1,"33":21,"34":21,"35":164,"36":164,"37":1,"38":1,"39":164,"40":164,"41":164,"42":164,"43":164,"44":164,"45":164,"46":164,"47":84,"48":84,"49":84,"50":0,"51":84,"52":0,"53":0,"54":0,"55":0,"56":0,"57":0,"58":0,"59":0,"60":0,"61":0,"62":0,"63":0,"64":0,"65":0,"66":0,"67":0,"68":0,"69":0,"70":0,"71":0,"72":0,"73":0,"74":0,"75":0,"76":0,"77":0,"78":0,"79":0,"80":0,"81":0,"82":0,"83":65,"84":65,"85":65,"86":164,"87":22,"88":1,"89":21,"90":22,"91":22,"92":164,"93":40,"94":40,"95":40,"96":40,"97":15,"98":40,"99":40,"100":21,"101":21,"102":1,"103":0,"104":0,"105":1,"106":0,"107":0,"108":0,"109":0,"110":2,"111":2,"112":11,"113":11,"114":11,"115":11,"116":1,"117":1,"118":1,"119":2,"120":2,"121":2,"122":1,"123":2,"124":2,"125":1,"126":1,"127":1,"128":1,"129":1,"130":0,"131":0,"132":0,"133":0,"134":0,"135":0,"136":0,"137":0,"138":0,"139":0,"140":0,"141":0,"142":0,"143":0,"144":0,"145":0,"146":0,"147":0,"148":0,"149":0,"150":0,"151":0,"152":0,"153":0,"154":15,"155":2,"156":15,"157":2,"158":15,"159":15,"160":15,"161":15,"162":15,"163":15,"164":15,"165":0,"166":0,"167":15,"168":15,"169":15,"170":13,"171":2,"172":2,"173":2,"174":2,"175":0,"176":0,"177":0,"178":0,"179":0,"180":0,"181":0,"182":0,"183":2,"184":164,"185":60,"186":15,"187":15,"188":15,"189":15,"190":15,"191":15,"192":15,"193":15,"194":15,"195":60,"196":60,"197":60,"198":60,"199":7380,"200":7380,"201":7380,"202":7380,"203":7380,"204":6,"205":60,"206":15,"207":15,"208":15,"209":15,"210":15,"211":15,"212":1350,"213":1350,"214":1350,"215":1350,"216":1350,"217":1350,"218":2,"219":15,"220":15,"221":164,"222":164,"223":164,"224":4922,"225":164,"226":2,"227":1,"228":3,"229":660,"230":22,"231":22,"232":22,"233":22,"234":660,"235":2,"236":22,"237":22,"238":22,"239":0,"240":4,"241":1,"242":4,"243":0,"244":1,"245":1,"246":660,"247":660,"248":660,"249":660,"250":2,"251":3,"252":0,"253":3,"254":1,"255":3,"256":0,"257":0,"258":2,"259":2,"260":51,"261":51,"262":0,"263":51,"264":0,"265":0,"266":0,"267":0,"268":11,"269":2,"270":26,"271":26,"272":0,"273":26,"274":0,"275":0,"276":2,"277":1},"f":{"0":164,"1":4922,"2":8747,"3":164,"4":20,"5":20,"6":21,"7":1,"8":65,"9":84,"10":65,"11":22,"12":21,"13":40,"14":1,"15":0,"16":2,"17":11,"18":1,"19":2,"20":1,"21":2,"22":1,"23":0,"24":0,"25":0,"26":0,"27":0,"28":15,"29":2,"30":2,"31":15,"32":15,"33":60,"34":15,"35":2,"36":1,"37":3,"38":660,"39":22,"40":0,"41":4,"42":1,"43":1,"44":660,"45":2,"46":3,"47":0,"48":3,"49":2,"50":2,"51":51,"52":51,"53":0,"54":11,"55":2,"56":26,"57":26,"58":2,"59":1},"b":{"0":[20,20],"1":[1,20],"2":[164,164],"3":[84,0],"4":[84,26],"5":[0,0],"6":[0,84],"7":[84,0],"8":[0,0],"9":[0,0,0,0],"10":[0,0],"11":[0,0],"12":[0,0],"13":[0,0],"14":[0,0],"15":[0,0],"16":[0,0],"17":[0,0],"18":[0,0],"19":[0,0],"20":[1,21],"21":[1,21],"22":[0,1],"23":[0,0],"24":[11,0],"25":[1,0],"26":[2,0],"27":[1,0],"28":[1,1],"29":[0,0],"30":[0,0],"31":[0,0],"32":[0,0],"33":[0,15],"34":[13,2],"35":[0,0],"36":[6,7374],"37":[60,0],"38":[2,1348],"39":[15,0],"40":[161,3],"41":[3,161],"42":[161,3],"43":[139,22],"44":[22,638],"45":[660,660],"46":[22,0],"47":[2,658],"48":[22,21],"49":[1,21],"50":[1,3],"51":[0,4],"52":[660,658],"53":[660,660],"54":[660,22],"55":[22,638],"56":[22,638],"57":[2,658],"58":[2,658],"59":[660,2],"60":[5,17],"61":[1,2],"62":[0,3],"63":[1,2],"64":[0,2],"65":[62,102],"66":[0,51],"67":[0,51],"68":[31,133],"69":[164,31],"70":[0,26],"71":[26,0],"72":[0,26],"73":[31,2]},"meta":{"lastBranch":74,"lastFunction":60,"lastStatement":278,"seen":{"f:22:9:22:24":0,"s:23:2:23:Infinity":0,"f:26:9:26:22":1,"s:27:12:27:Infinity":1,"s:28:18:28:Infinity":2,"s:29:2:29:Infinity":3,"f:32:9:32:22":2,"s:33:2:33:Infinity":4,"s:36:20:39:Infinity":5,"f:41:24:41:30":3,"s:42:14:42:Infinity":6,"s:43:17:43:Infinity":7,"s:44:15:44:Infinity":8,"s:45:16:45:Infinity":9,"s:46:25:46:Infinity":10,"s:47:23:47:Infinity":11,"s:48:28:48:Infinity":12,"s:49:19:49:Infinity":13,"s:50:19:57:Infinity":14,"f:50:34:50:49":4,"s:52:4:56:Infinity":15,"s:53:6:53:Infinity":16,"s:55:6:55:Infinity":17,"s:58:16:58:Infinity":18,"s:59:25:59:Infinity":19,"s:60:27:60:Infinity":20,"s:61:24:61:Infinity":21,"s:62:27:62:Infinity":22,"s:63:15:63:Infinity":23,"s:64:16:66:Infinity":24,"f:64:28:64:43":5,"s:65:4:65:Infinity":25,"s:65:10:65:64":26,"b:65:17:65:60:65:60:65:64":0,"s:65:74:65:85":27,"s:69:2:74:Infinity":28,"f:69:2:69:18":6,"s:70:20:70:Infinity":29,"s:71:4:71:Infinity":30,"b:72:4:72:Infinity:undefined:undefined:undefined:undefined":1,"s:72:4:72:Infinity":31,"s:72:15:72:Infinity":32,"s:73:4:73:Infinity":33,"s:73:10:73:58":34,"s:76:17:76:Infinity":35,"s:77:22:77:Infinity":36,"f:78:11:78:24":7,"s:79:16:79:Infinity":37,"s:80:4:80:Infinity":38,"s:84:19:84:Infinity":39,"s:85:24:85:Infinity":40,"s:88:18:88:Infinity":41,"s:90:22:90:Infinity":42,"s:91:16:91:Infinity":43,"s:92:25:92:Infinity":44,"b:92:25:92:57:92:57:92:Infinity":2,"s:93:19:93:Infinity":45,"s:96:2:138:Infinity":46,"f:96:2:96:18":8,"f:97:13:97:23":9,"s:99:19:99:Infinity":47,"b:100:6:100:Infinity:undefined:undefined:undefined:undefined":3,"s:100:6:100:Infinity":48,"b:100:10:100:29:100:29:100:49":4,"s:100:49:100:Infinity":49,"s:102:19:102:Infinity":50,"b:102:19:102:32:102:32:102:Infinity":5,"b:104:6:108:Infinity:undefined:undefined:undefined:undefined":6,"s:104:6:108:Infinity":51,"b:104:10:104:18:104:18:104:33":7,"s:105:8:105:Infinity":52,"s:106:8:106:Infinity":53,"s:107:8:107:Infinity":54,"b:109:6:113:Infinity:undefined:undefined:undefined:undefined":8,"s:109:6:113:Infinity":55,"b:109:10:109:19:109:19:109:37:109:37:109:54:109:54:109:68":9,"s:110:8:110:Infinity":56,"s:111:8:111:Infinity":57,"s:112:8:112:Infinity":58,"b:115:6:115:Infinity:undefined:undefined:undefined:undefined":10,"s:115:6:115:Infinity":59,"b:115:10:115:29:115:29:115:50":11,"s:115:50:115:Infinity":60,"s:117:20:117:Infinity":61,"b:118:6:118:Infinity:undefined:undefined:undefined:undefined":12,"s:118:6:118:Infinity":62,"s:118:18:118:Infinity":63,"b:120:6:120:Infinity:undefined:undefined:undefined:undefined":13,"s:120:6:120:Infinity":64,"s:120:35:120:55":65,"s:120:55:120:95":66,"b:121:6:121:Infinity:undefined:undefined:undefined:undefined":14,"s:121:6:121:Infinity":67,"s:121:36:121:56":68,"s:121:56:121:106":69,"b:122:6:122:Infinity:undefined:undefined:undefined:undefined":15,"s:122:6:122:Infinity":70,"s:122:33:122:53":71,"s:122:53:122:103":72,"b:123:6:123:Infinity:undefined:undefined:undefined:undefined":16,"s:123:6:123:Infinity":73,"s:123:35:123:55":74,"s:123:55:123:121":75,"b:125:6:129:Infinity:undefined:undefined:undefined:undefined":17,"s:125:6:129:Infinity":76,"s:126:8:126:Infinity":77,"s:127:24:127:Infinity":78,"s:128:8:128:Infinity":79,"b:131:6:134:Infinity:undefined:undefined:undefined:undefined":18,"s:131:6:134:Infinity":80,"b:131:10:131:27:131:27:131:33":19,"s:132:8:132:Infinity":81,"s:133:8:133:Infinity":82,"s:136:4:136:Infinity":83,"s:137:4:137:Infinity":84,"f:137:4:137:17":10,"s:137:17:137:Infinity":85,"s:140:2:149:Infinity":86,"f:140:2:140:18":11,"b:141:4:145:Infinity:143:11:145:Infinity":20,"s:141:4:145:Infinity":87,"s:142:6:142:Infinity":88,"s:144:6:144:Infinity":89,"s:146:4:148:Infinity":90,"s:147:6:147:Infinity":91,"b:147:60:147:66:147:66:147:69":21,"s:151:2:164:Infinity":92,"f:151:2:151:18":12,"f:152:13:152:22":13,"s:153:12:153:Infinity":93,"s:154:6:154:Infinity":94,"s:155:17:155:Infinity":95,"s:156:6:158:Infinity":96,"s:157:8:157:Infinity":97,"s:159:6:159:Infinity":98,"s:160:6:160:Infinity":99,"s:162:4:162:Infinity":100,"s:163:4:163:Infinity":101,"f:166:11:166:23":14,"b:167:4:172:Infinity:170:11:172:Infinity":22,"s:167:4:172:Infinity":102,"s:168:6:168:Infinity":103,"s:169:6:169:Infinity":104,"s:171:6:171:Infinity":105,"f:175:11:175:23":15,"b:176:4:181:Infinity:179:11:181:Infinity":23,"s:176:4:181:Infinity":106,"s:177:6:177:Infinity":107,"s:178:6:178:Infinity":108,"s:180:6:180:Infinity":109,"f:184:11:184:27":16,"s:185:20:185:Infinity":110,"s:186:4:186:Infinity":111,"f:189:11:189:28":17,"b:190:4:194:Infinity:undefined:undefined:undefined:undefined":24,"s:190:4:194:Infinity":112,"s:191:6:191:Infinity":113,"s:192:6:192:Infinity":114,"s:193:6:193:Infinity":115,"f:197:11:197:31":18,"b:198:4:200:Infinity:undefined:undefined:undefined:undefined":25,"s:198:4:200:Infinity":116,"s:199:6:199:Infinity":117,"s:201:4:201:Infinity":118,"f:205:11:205:27":19,"b:206:4:210:Infinity:undefined:undefined:undefined:undefined":26,"s:206:4:210:Infinity":119,"s:207:6:207:Infinity":120,"s:208:6:208:Infinity":121,"f:213:11:213:28":20,"s:214:4:214:Infinity":122,"f:217:11:217:27":21,"s:218:4:218:Infinity":123,"s:219:4:219:Infinity":124,"f:222:11:222:26":22,"s:223:19:223:Infinity":125,"b:224:4:226:Infinity:undefined:undefined:undefined:undefined":27,"s:224:4:226:Infinity":126,"b:224:8:224:26:224:26:224:39":28,"s:225:6:225:Infinity":127,"s:227:4:227:Infinity":128,"s:228:4:228:Infinity":129,"f:232:11:232:24":23,"s:233:17:233:Infinity":130,"s:234:16:234:Infinity":131,"s:235:14:235:Infinity":132,"s:236:4:236:Infinity":133,"s:237:4:237:Infinity":134,"s:238:4:238:Infinity":135,"s:239:4:239:Infinity":136,"s:240:4:240:Infinity":137,"s:241:4:241:Infinity":138,"f:244:11:244:30":24,"s:245:10:245:Infinity":139,"s:246:17:246:Infinity":140,"s:247:18:247:Infinity":141,"s:248:4:248:Infinity":142,"f:251:11:251:29":25,"s:252:10:252:Infinity":143,"s:253:21:253:Infinity":144,"f:253:44:253:49":26,"s:253:55:253:69":145,"s:256:19:256:Infinity":146,"s:257:17:264:Infinity":147,"f:257:34:257:39":27,"s:258:24:258:Infinity":148,"b:258:24:258:52:258:52:258:Infinity":29,"s:260:23:262:Infinity":149,"b:261:10:261:Infinity:262:10:262:Infinity":30,"b:260:23:260:50:260:50:260:Infinity":31,"s:263:6:263:Infinity":150,"b:263:54:263:60:263:60:263:Infinity":32,"s:266:16:266:Infinity":151,"s:267:18:267:Infinity":152,"s:268:4:268:Infinity":153,"f:274:11:274:27":28,"s:275:10:275:Infinity":154,"f:275:48:275:56":29,"s:275:62:275:73":155,"s:276:18:276:Infinity":156,"f:276:25:276:30":30,"s:276:36:276:42":157,"s:277:4:277:Infinity":158,"s:278:4:278:Infinity":159,"f:283:11:283:27":31,"s:284:16:284:Infinity":160,"s:285:14:285:Infinity":161,"s:286:4:294:Infinity":162,"s:287:18:287:Infinity":163,"b:288:6:293:Infinity:291:13:293:Infinity":33,"s:288:6:293:Infinity":164,"s:289:8:289:Infinity":165,"s:290:8:290:Infinity":166,"s:292:8:292:Infinity":167,"s:295:4:295:Infinity":168,"f:299:11:299:25":32,"b:300:4:300:Infinity:undefined:undefined:undefined:undefined":34,"s:300:4:300:Infinity":169,"s:300:28:300:Infinity":170,"s:301:14:301:Infinity":171,"s:302:18:302:Infinity":172,"s:303:4:314:Infinity":173,"s:303:17:303:20":174,"s:304:19:304:Infinity":175,"s:305:19:305:Infinity":176,"s:306:21:306:Infinity":177,"s:307:23:307:Infinity":178,"b:308:6:313:Infinity:311:13:313:Infinity":35,"s:308:6:313:Infinity":179,"s:309:8:309:Infinity":180,"s:310:8:310:Infinity":181,"s:312:8:312:Infinity":182,"s:315:4:315:Infinity":183,"s:319:8:377:Infinity":184,"f:319:21:319:35":33,"s:320:4:376:Infinity":185,"f:320:18:320:23":34,"s:321:22:321:Infinity":186,"s:322:22:322:Infinity":187,"s:323:24:323:Infinity":188,"s:324:22:324:Infinity":189,"s:325:22:325:Infinity":190,"s:328:18:328:Infinity":191,"s:329:22:329:Infinity":192,"s:330:44:330:Infinity":193,"s:331:6:342:Infinity":194,"s:332:23:332:Infinity":195,"s:333:19:333:Infinity":196,"s:334:8:340:Infinity":197,"s:334:21:334:24":198,"s:335:20:335:Infinity":199,"s:336:10:336:Infinity":200,"s:337:22:337:Infinity":201,"s:338:10:338:Infinity":202,"b:339:10:339:Infinity:undefined:undefined:undefined:undefined":36,"s:339:10:339:Infinity":203,"s:339:32:339:Infinity":204,"s:341:8:341:Infinity":205,"b:341:37:341:75:341:75:341:Infinity":37,"s:347:27:347:Infinity":206,"s:348:25:348:Infinity":207,"s:349:24:349:Infinity":208,"s:350:24:350:Infinity":209,"s:351:6:360:Infinity":210,"s:351:19:351:22":211,"s:352:18:352:Infinity":212,"s:353:8:353:Infinity":213,"s:354:20:354:Infinity":214,"s:355:23:355:Infinity":215,"s:356:8:356:Infinity":216,"b:357:8:359:Infinity:undefined:undefined:undefined:undefined":38,"s:357:8:359:Infinity":217,"s:358:10:358:Infinity":218,"s:361:20:361:Infinity":219,"b:361:38:361:86:361:86:361:Infinity":39,"s:363:6:375:Infinity":220,"s:380:56:380:Infinity":221,"s:381:2:383:Infinity":222,"s:381:15:381:18":223,"s:382:4:382:Infinity":224,"s:385:2:706:Infinity":225,"f:419:39:419:54":35,"s:419:54:419:78":226,"b:439:59:439:70:439:70:439:76":40,"f:439:76:439:91":36,"s:439:91:439:108":227,"b:440:60:440:71:440:71:440:77":41,"f:440:77:440:92":37,"s:440:92:440:110":228,"b:445:8:573:Infinity:575:8:627:Infinity":42,"b:447:12:452:11:452:10:571:Infinity":43,"f:457:30:457:35":38,"s:458:20:464:Infinity":229,"b:460:83:460:93:460:93:460:Infinity":44,"b:460:44:460:62:460:62:460:83":45,"f:471:24:471:29":39,"s:472:38:472:Infinity":230,"b:472:38:472:64:472:64:472:Infinity":46,"s:473:39:473:Infinity":231,"s:474:18:476:Infinity":232,"s:474:31:474:34":233,"b:475:20:475:Infinity:undefined:undefined:undefined:undefined":47,"s:475:20:475:Infinity":234,"s:475:44:475:Infinity":235,"s:477:31:477:Infinity":236,"b:477:31:477:45:477:45:477:Infinity":48,"s:478:34:478:Infinity":237,"s:480:18:566:Infinity":238,"b:485:28:496:29:496:28:504:27":49,"f:489:30:489:39":40,"s:489:45:489:Infinity":239,"f:490:30:490:42":41,"b:491:32:491:Infinity:undefined:undefined:undefined:undefined":50,"s:491:32:491:Infinity":240,"s:491:55:491:Infinity":241,"b:492:32:492:Infinity:undefined:undefined:undefined:undefined":51,"s:492:32:492:Infinity":242,"s:492:56:492:Infinity":243,"f:498:30:498:45":42,"s:498:45:498:Infinity":244,"f:506:28:506:43":43,"s:506:28:506:Infinity":245,"f:515:34:515:39":44,"s:516:40:516:Infinity":246,"b:516:40:516:66:516:66:516:Infinity":52,"s:517:40:517:Infinity":247,"b:517:40:517:58:517:58:517:Infinity":53,"s:518:42:518:Infinity":248,"b:518:42:518:64:518:64:518:Infinity":54,"s:519:24:535:Infinity":249,"b:522:60:522:70:522:70:522:73":55,"b:522:88:522:100:522:100:522:Infinity":56,"f:523:28:523:43":45,"s:523:43:523:Infinity":250,"b:526:63:526:75:526:75:526:Infinity":57,"b:527:47:527:78:527:78:527:Infinity":58,"b:529:31:529:Infinity:530:32:532:Infinity":59,"b:540:26:554:27:554:26:560:Infinity":60,"f:545:28:545:39":46,"s:545:45:545:Infinity":251,"f:547:28:547:42":47,"s:547:42:547:Infinity":252,"f:548:28:548:40":48,"b:549:30:549:Infinity:undefined:undefined:undefined:undefined":61,"s:549:30:549:Infinity":253,"s:549:53:549:Infinity":254,"b:550:30:550:Infinity:undefined:undefined:undefined:undefined":62,"s:550:30:550:Infinity":255,"s:550:56:550:80":256,"s:550:80:550:105":257,"f:556:28:556:43":49,"s:556:43:556:Infinity":258,"b:579:14:581:15:581:14:624:Infinity":63,"f:596:30:596:35":50,"s:597:20:621:Infinity":259,"b:610:26:612:27:612:26:612:Infinity":64,"b:634:12:650:13:650:12:652:Infinity":65,"f:639:16:639:27":51,"s:639:33:639:Infinity":260,"f:641:16:641:28":52,"b:642:18:642:Infinity:undefined:undefined:undefined:undefined":66,"s:642:18:642:Infinity":261,"s:642:41:642:Infinity":262,"b:643:18:643:Infinity:undefined:undefined:undefined:undefined":67,"s:643:18:643:Infinity":263,"s:643:44:643:73":264,"s:643:73:643:94":265,"f:647:55:647:70":53,"s:647:72:647:101":266,"s:647:101:647:122":267,"f:650:46:650:61":54,"s:650:61:650:89":268,"b:657:59:657:70:657:70:657:Infinity":68,"f:658:12:658:27":55,"s:658:27:658:Infinity":269,"b:670:7:670:Infinity:671:8:704:Infinity":69,"f:677:14:677:25":56,"s:677:31:677:Infinity":270,"f:680:14:680:26":57,"b:681:16:681:Infinity:undefined:undefined:undefined:undefined":70,"s:681:16:681:Infinity":271,"b:681:20:681:41:681:41:681:52":71,"s:681:52:681:Infinity":272,"b:682:16:682:Infinity:undefined:undefined:undefined:undefined":72,"s:682:16:682:Infinity":273,"s:682:42:682:70":274,"s:682:70:682:93":275,"b:687:11:687:Infinity:688:12:704:Infinity":73,"f:689:21:689:26":58,"s:690:16:700:Infinity":276,"f:695:51:695:66":59,"s:695:66:695:93":277},"fnNames":{}}}
,"C:\\Users\\Utilisateur\\Documents\\LifeTrack\\src\\store.ts": {"path":"C:\\Users\\Utilisateur\\Documents\\LifeTrack\\src\\store.ts","statementMap":{"0":{"start":{"line":14,"column":20},"end":{"line":14,"column":null}},"1":{"start":{"line":15,"column":19},"end":{"line":15,"column":null}},"2":{"start":{"line":16,"column":25},"end":{"line":16,"column":null}},"3":{"start":{"line":20,"column":13},"end":{"line":20,"column":null}},"4":{"start":{"line":21,"column":2},"end":{"line":24,"column":null}},"5":{"start":{"line":21,"column":15},"end":{"line":21,"column":18}},"6":{"start":{"line":22,"column":4},"end":{"line":22,"column":null}},"7":{"start":{"line":23,"column":4},"end":{"line":23,"column":null}},"8":{"start":{"line":25,"column":2},"end":{"line":25,"column":null}},"9":{"start":{"line":30,"column":2},"end":{"line":37,"column":null}},"10":{"start":{"line":31,"column":20},"end":{"line":31,"column":null}},"11":{"start":{"line":32,"column":4},"end":{"line":32,"column":null}},"12":{"start":{"line":33,"column":4},"end":{"line":33,"column":null}},"13":{"start":{"line":34,"column":4},"end":{"line":34,"column":null}},"14":{"start":{"line":36,"column":4},"end":{"line":36,"column":null}},"15":{"start":{"line":42,"column":25},"end":{"line":42,"column":null}},"16":{"start":{"line":43,"column":2},"end":{"line":43,"column":null}},"17":{"start":{"line":43,"column":39},"end":{"line":43,"column":null}},"18":{"start":{"line":44,"column":14},"end":{"line":44,"column":null}},"19":{"start":{"line":46,"column":4},"end":{"line":46,"column":null}},"20":{"start":{"line":49,"column":4},"end":{"line":49,"column":null}},"21":{"start":{"line":52,"column":4},"end":{"line":52,"column":null}},"22":{"start":{"line":54,"column":2},"end":{"line":58,"column":null}},"23":{"start":{"line":63,"column":2},"end":{"line":63,"column":null}},"24":{"start":{"line":63,"column":34},"end":{"line":63,"column":null}},"25":{"start":{"line":64,"column":2},"end":{"line":78,"column":null}},"26":{"start":{"line":65,"column":16},"end":{"line":65,"column":null}},"27":{"start":{"line":66,"column":4},"end":{"line":66,"column":null}},"28":{"start":{"line":66,"column":14},"end":{"line":66,"column":null}},"29":{"start":{"line":67,"column":38},"end":{"line":67,"column":null}},"30":{"start":{"line":68,"column":4},"end":{"line":68,"column":null}},"31":{"start":{"line":68,"column":69},"end":{"line":68,"column":null}},"32":{"start":{"line":70,"column":25},"end":{"line":70,"column":null}},"33":{"start":{"line":71,"column":4},"end":{"line":74,"column":null}},"34":{"start":{"line":72,"column":6},"end":{"line":72,"column":null}},"35":{"start":{"line":73,"column":6},"end":{"line":73,"column":null}},"36":{"start":{"line":75,"column":4},"end":{"line":75,"column":null}},"37":{"start":{"line":77,"column":4},"end":{"line":77,"column":null}},"38":{"start":{"line":83,"column":2},"end":{"line":85,"column":null}},"39":{"start":{"line":84,"column":4},"end":{"line":84,"column":null}},"40":{"start":{"line":86,"column":18},"end":{"line":86,"column":null}},"41":{"start":{"line":87,"column":2},"end":{"line":87,"column":null}},"42":{"start":{"line":87,"column":15},"end":{"line":87,"column":null}},"43":{"start":{"line":88,"column":17},"end":{"line":88,"column":null}},"44":{"start":{"line":89,"column":2},"end":{"line":92,"column":null}},"45":{"start":{"line":90,"column":4},"end":{"line":90,"column":null}},"46":{"start":{"line":91,"column":4},"end":{"line":91,"column":null}},"47":{"start":{"line":93,"column":2},"end":{"line":93,"column":null}},"48":{"start":{"line":98,"column":2},"end":{"line":98,"column":null}},"49":{"start":{"line":98,"column":34},"end":{"line":98,"column":null}},"50":{"start":{"line":99,"column":2},"end":{"line":111,"column":null}},"51":{"start":{"line":100,"column":17},"end":{"line":100,"column":null}},"52":{"start":{"line":101,"column":38},"end":{"line":105,"column":null}},"53":{"start":{"line":106,"column":4},"end":{"line":106,"column":null}},"54":{"start":{"line":107,"column":4},"end":{"line":107,"column":null}},"55":{"start":{"line":109,"column":4},"end":{"line":109,"column":null}},"56":{"start":{"line":110,"column":4},"end":{"line":110,"column":null}},"57":{"start":{"line":115,"column":54},"end":{"line":115,"column":null}},"58":{"start":{"line":116,"column":18},"end":{"line":116,"column":null}},"59":{"start":{"line":119,"column":2},"end":{"line":119,"column":null}},"60":{"start":{"line":120,"column":2},"end":{"line":120,"column":null}},"61":{"start":{"line":120,"column":26},"end":{"line":120,"column":null}},"62":{"start":{"line":121,"column":2},"end":{"line":135,"column":null}},"63":{"start":{"line":122,"column":4},"end":{"line":122,"column":null}},"64":{"start":{"line":123,"column":4},"end":{"line":123,"column":null}},"65":{"start":{"line":123,"column":22},"end":{"line":123,"column":null}},"66":{"start":{"line":124,"column":4},"end":{"line":124,"column":null}},"67":{"start":{"line":125,"column":22},"end":{"line":125,"column":null}},"68":{"start":{"line":126,"column":4},"end":{"line":134,"column":null}},"69":{"start":{"line":127,"column":6},"end":{"line":127,"column":null}},"70":{"start":{"line":130,"column":23},"end":{"line":130,"column":null}},"71":{"start":{"line":131,"column":6},"end":{"line":133,"column":null}},"72":{"start":{"line":132,"column":8},"end":{"line":132,"column":null}},"73":{"start":{"line":140,"column":2},"end":{"line":143,"column":null}},"74":{"start":{"line":141,"column":4},"end":{"line":141,"column":null}},"75":{"start":{"line":142,"column":4},"end":{"line":142,"column":null}},"76":{"start":{"line":144,"column":2},"end":{"line":148,"column":null}},"77":{"start":{"line":145,"column":4},"end":{"line":145,"column":null}},"78":{"start":{"line":146,"column":4},"end":{"line":146,"column":null}},"79":{"start":{"line":147,"column":4},"end":{"line":147,"column":null}},"80":{"start":{"line":152,"column":0},"end":{"line":156,"column":null}},"81":{"start":{"line":153,"column":2},"end":{"line":153,"column":null}},"82":{"start":{"line":153,"column":48},"end":{"line":153,"column":59}},"83":{"start":{"line":155,"column":2},"end":{"line":155,"column":null}},"84":{"start":{"line":155,"column":22},"end":{"line":155,"column":52}},"85":{"start":{"line":155,"column":39},"end":{"line":155,"column":52}},"86":{"start":{"line":164,"column":31},"end":{"line":164,"column":null}},"87":{"start":{"line":165,"column":31},"end":{"line":165,"column":null}},"88":{"start":{"line":166,"column":17},"end":{"line":166,"column":null}},"89":{"start":{"line":169,"column":2},"end":{"line":169,"column":null}},"90":{"start":{"line":170,"column":2},"end":{"line":170,"column":null}},"91":{"start":{"line":170,"column":35},"end":{"line":170,"column":null}},"92":{"start":{"line":171,"column":2},"end":{"line":171,"column":null}},"93":{"start":{"line":175,"column":16},"end":{"line":175,"column":null}},"94":{"start":{"line":176,"column":2},"end":{"line":176,"column":null}},"95":{"start":{"line":176,"column":14},"end":{"line":176,"column":null}},"96":{"start":{"line":177,"column":2},"end":{"line":177,"column":null}},"97":{"start":{"line":179,"column":19},"end":{"line":179,"column":null}},"98":{"start":{"line":180,"column":2},"end":{"line":184,"column":null}},"99":{"start":{"line":181,"column":4},"end":{"line":181,"column":null}},"100":{"start":{"line":182,"column":9},"end":{"line":184,"column":null}},"101":{"start":{"line":183,"column":4},"end":{"line":183,"column":null}},"102":{"start":{"line":185,"column":2},"end":{"line":185,"column":null}},"103":{"start":{"line":186,"column":2},"end":{"line":186,"column":null}},"104":{"start":{"line":190,"column":16},"end":{"line":190,"column":null}},"105":{"start":{"line":191,"column":2},"end":{"line":191,"column":null}},"106":{"start":{"line":191,"column":14},"end":{"line":191,"column":null}},"107":{"start":{"line":192,"column":2},"end":{"line":192,"column":null}},"108":{"start":{"line":193,"column":19},"end":{"line":193,"column":null}},"109":{"start":{"line":194,"column":2},"end":{"line":198,"column":null}},"110":{"start":{"line":195,"column":4},"end":{"line":195,"column":null}},"111":{"start":{"line":196,"column":9},"end":{"line":198,"column":null}},"112":{"start":{"line":197,"column":4},"end":{"line":197,"column":null}},"113":{"start":{"line":199,"column":2},"end":{"line":199,"column":null}},"114":{"start":{"line":200,"column":2},"end":{"line":200,"column":null}},"115":{"start":{"line":207,"column":2},"end":{"line":207,"column":null}},"116":{"start":{"line":207,"column":34},"end":{"line":207,"column":null}},"117":{"start":{"line":209,"column":18},"end":{"line":209,"column":null}},"118":{"start":{"line":210,"column":17},"end":{"line":210,"column":null}},"119":{"start":{"line":211,"column":2},"end":{"line":211,"column":null}},"120":{"start":{"line":211,"column":25},"end":{"line":211,"column":null}},"121":{"start":{"line":212,"column":2},"end":{"line":212,"column":null}},"122":{"start":{"line":212,"column":25},"end":{"line":212,"column":null}},"123":{"start":{"line":214,"column":2},"end":{"line":214,"column":null}},"124":{"start":{"line":217,"column":20},"end":{"line":217,"column":null}},"125":{"start":{"line":218,"column":18},"end":{"line":218,"column":null}},"126":{"start":{"line":224,"column":2},"end":{"line":227,"column":null}},"127":{"start":{"line":225,"column":4},"end":{"line":225,"column":null}},"128":{"start":{"line":226,"column":4},"end":{"line":226,"column":null}},"129":{"start":{"line":228,"column":2},"end":{"line":228,"column":null}},"130":{"start":{"line":230,"column":2},"end":{"line":230,"column":null}},"131":{"start":{"line":231,"column":2},"end":{"line":231,"column":null}},"132":{"start":{"line":232,"column":2},"end":{"line":232,"column":null}},"133":{"start":{"line":236,"column":2},"end":{"line":236,"column":null}},"134":{"start":{"line":237,"column":2},"end":{"line":237,"column":null}},"135":{"start":{"line":237,"column":28},"end":{"line":237,"column":32}},"136":{"start":{"line":241,"column":2},"end":{"line":241,"column":null}},"137":{"start":{"line":242,"column":2},"end":{"line":242,"column":null}},"138":{"start":{"line":242,"column":15},"end":{"line":242,"column":null}},"139":{"start":{"line":246,"column":2},"end":{"line":246,"column":null}},"140":{"start":{"line":246,"column":35},"end":{"line":246,"column":46}},"141":{"start":{"line":246,"column":63},"end":{"line":246,"column":80}},"142":{"start":{"line":251,"column":19},"end":{"line":251,"column":null}},"143":{"start":{"line":251,"column":50},"end":{"line":251,"column":74}},"144":{"start":{"line":252,"column":23},"end":{"line":260,"column":null}},"145":{"start":{"line":262,"column":18},"end":{"line":262,"column":null}},"146":{"start":{"line":263,"column":21},"end":{"line":263,"column":null}},"147":{"start":{"line":263,"column":44},"end":{"line":263,"column":51}},"148":{"start":{"line":264,"column":20},"end":{"line":264,"column":null}},"149":{"start":{"line":264,"column":40},"end":{"line":264,"column":63}},"150":{"start":{"line":265,"column":2},"end":{"line":265,"column":null}},"151":{"start":{"line":267,"column":2},"end":{"line":267,"column":null}},"152":{"start":{"line":268,"column":2},"end":{"line":268,"column":null}},"153":{"start":{"line":269,"column":2},"end":{"line":269,"column":null}},"154":{"start":{"line":273,"column":14},"end":{"line":273,"column":null}},"155":{"start":{"line":273,"column":43},"end":{"line":273,"column":54}},"156":{"start":{"line":274,"column":2},"end":{"line":277,"column":null}},"157":{"start":{"line":275,"column":4},"end":{"line":275,"column":null}},"158":{"start":{"line":276,"column":4},"end":{"line":276,"column":null}},"159":{"start":{"line":281,"column":2},"end":{"line":281,"column":null}},"160":{"start":{"line":285,"column":2},"end":{"line":285,"column":null}},"161":{"start":{"line":289,"column":2},"end":{"line":289,"column":null}},"162":{"start":{"line":289,"column":42},"end":{"line":289,"column":53}},"163":{"start":{"line":290,"column":2},"end":{"line":290,"column":null}},"164":{"start":{"line":290,"column":46},"end":{"line":290,"column":62}},"165":{"start":{"line":291,"column":2},"end":{"line":291,"column":null}},"166":{"start":{"line":291,"column":40},"end":{"line":291,"column":56}},"167":{"start":{"line":292,"column":2},"end":{"line":292,"column":null}},"168":{"start":{"line":297,"column":2},"end":{"line":297,"column":null}},"169":{"start":{"line":297,"column":35},"end":{"line":297,"column":75}},"170":{"start":{"line":301,"column":19},"end":{"line":301,"column":null}},"171":{"start":{"line":302,"column":2},"end":{"line":307,"column":null}},"172":{"start":{"line":303,"column":4},"end":{"line":303,"column":null}},"173":{"start":{"line":304,"column":4},"end":{"line":304,"column":null}},"174":{"start":{"line":305,"column":4},"end":{"line":305,"column":null}},"175":{"start":{"line":306,"column":4},"end":{"line":306,"column":null}},"176":{"start":{"line":308,"column":2},"end":{"line":308,"column":null}},"177":{"start":{"line":309,"column":27},"end":{"line":309,"column":null}},"178":{"start":{"line":310,"column":2},"end":{"line":310,"column":null}},"179":{"start":{"line":311,"column":2},"end":{"line":311,"column":null}},"180":{"start":{"line":312,"column":2},"end":{"line":312,"column":null}},"181":{"start":{"line":316,"column":2},"end":{"line":316,"column":null}},"182":{"start":{"line":316,"column":37},"end":{"line":316,"column":58}},"183":{"start":{"line":320,"column":14},"end":{"line":320,"column":null}},"184":{"start":{"line":321,"column":17},"end":{"line":321,"column":null}},"185":{"start":{"line":322,"column":17},"end":{"line":322,"column":null}},"186":{"start":{"line":322,"column":45},"end":{"line":322,"column":95}},"187":{"start":{"line":323,"column":2},"end":{"line":326,"column":null}},"188":{"start":{"line":324,"column":16},"end":{"line":324,"column":null}},"189":{"start":{"line":325,"column":4},"end":{"line":325,"column":null}},"190":{"start":{"line":327,"column":2},"end":{"line":327,"column":null}},"191":{"start":{"line":332,"column":22},"end":{"line":332,"column":null}},"192":{"start":{"line":333,"column":17},"end":{"line":333,"column":null}},"193":{"start":{"line":334,"column":18},"end":{"line":334,"column":null}},"194":{"start":{"line":335,"column":2},"end":{"line":337,"column":null}},"195":{"start":{"line":335,"column":15},"end":{"line":335,"column":18}},"196":{"start":{"line":336,"column":4},"end":{"line":336,"column":null}},"197":{"start":{"line":336,"column":23}
[...]
{"start":{},"end":{}}],"line":66},"10":{"loc":{"start":{"line":68,"column":4},"end":{"line":68,"column":null}},"type":"if","locations":[{"start":{"line":68,"column":4},"end":{"line":68,"column":null}},{"start":{},"end":{}}],"line":68},"11":{"loc":{"start":{"line":68,"column":8},"end":{"line":68,"column":69}},"type":"binary-expr","locations":[{"start":{"line":68,"column":8},"end":{"line":68,"column":21}},{"start":{"line":68,"column":21},"end":{"line":68,"column":41}},{"start":{"line":68,"column":41},"end":{"line":68,"column":56}},{"start":{"line":68,"column":56},"end":{"line":68,"column":69}}],"line":68},"12":{"loc":{"start":{"line":71,"column":4},"end":{"line":74,"column":null}},"type":"if","locations":[{"start":{"line":71,"column":4},"end":{"line":74,"column":null}},{"start":{},"end":{}}],"line":71},"13":{"loc":{"start":{"line":83,"column":2},"end":{"line":85,"column":null}},"type":"if","locations":[{"start":{"line":83,"column":2},"end":{"line":85,"column":null}},{"start":{},"end":{}}],"line":83},"14":{"loc":{"start":{"line":87,"column":2},"end":{"line":87,"column":null}},"type":"if","locations":[{"start":{"line":87,"column":2},"end":{"line":87,"column":null}},{"start":{},"end":{}}],"line":87},"15":{"loc":{"start":{"line":89,"column":2},"end":{"line":92,"column":null}},"type":"if","locations":[{"start":{"line":89,"column":2},"end":{"line":92,"column":null}},{"start":{},"end":{}}],"line":89},"16":{"loc":{"start":{"line":98,"column":2},"end":{"line":98,"column":null}},"type":"if","locations":[{"start":{"line":98,"column":2},"end":{"line":98,"column":null}},{"start":{},"end":{}}],"line":98},"17":{"loc":{"start":{"line":120,"column":2},"end":{"line":120,"column":null}},"type":"if","locations":[{"start":{"line":120,"column":2},"end":{"line":120,"column":null}},{"start":{},"end":{}}],"line":120},"18":{"loc":{"start":{"line":123,"column":4},"end":{"line":123,"column":null}},"type":"if","locations":[{"start":{"line":123,"column":4},"end":{"line":123,"column":null}},{"start":{},"end":{}}],"line":123},"19":{"loc":{"start":{"line":126,"column":4},"end":{"line":134,"column":null}},"type":"if","locations":[{"start":{"line":126,"column":4},"end":{"line":134,"column":null}},{"start":{"line":128,"column":11},"end":{"line":134,"column":null}}],"line":126},"20":{"loc":{"start":{"line":131,"column":6},"end":{"line":133,"column":null}},"type":"if","locations":[{"start":{"line":131,"column":6},"end":{"line":133,"column":null}},{"start":{},"end":{}}],"line":131},"21":{"loc":{"start":{"line":140,"column":2},"end":{"line":143,"column":null}},"type":"if","locations":[{"start":{"line":140,"column":2},"end":{"line":143,"column":null}},{"start":{},"end":{}}],"line":140},"22":{"loc":{"start":{"line":144,"column":2},"end":{"line":148,"column":null}},"type":"if","locations":[{"start":{"line":144,"column":2},"end":{"line":148,"column":null}},{"start":{},"end":{}}],"line":144},"23":{"loc":{"start":{"line":152,"column":0},"end":{"line":156,"column":null}},"type":"if","locations":[{"start":{"line":152,"column":0},"end":{"line":156,"column":null}},{"start":{},"end":{}}],"line":152},"24":{"loc":{"start":{"line":155,"column":22},"end":{"line":155,"column":52}},"type":"if","locations":[{"start":{"line":155,"column":22},"end":{"line":155,"column":52}},{"start":{},"end":{}}],"line":155},"25":{"loc":{"start":{"line":170,"column":2},"end":{"line":170,"column":null}},"type":"if","locations":[{"start":{"line":170,"column":2},"end":{"line":170,"column":null}},{"start":{},"end":{}}],"line":170},"26":{"loc":{"start":{"line":176,"column":2},"end":{"line":176,"column":null}},"type":"if","locations":[{"start":{"line":176,"column":2},"end":{"line":176,"column":null}},{"start":{},"end":{}}],"line":176},"27":{"loc":{"start":{"line":180,"column":2},"end":{"line":184,"column":null}},"type":"if","locations":[{"start":{"line":180,"column":2},"end":{"line":184,"column":null}},{"start":{"line":182,"column":9},"end":{"line":184,"column":null}}],"line":180},"28":{"loc":{"start":{"line":182,"column":9},"end":{"line":184,"column":null}},"type":"if","locations":[{"start":{"line":182,"column":9},"end":{"line":184,"column":null}},{"start":{},"end":{}}],"line":182},"29":{"loc":{"start":{"line":191,"column":2},"end":{"line":191,"column":null}},"type":"if","locations":[{"start":{"line":191,"column":2},"end":{"line":191,"column":null}},{"start":{},"end":{}}],"line":191},"30":{"loc":{"start":{"line":194,"column":2},"end":{"line":198,"column":null}},"type":"if","locations":[{"start":{"line":194,"column":2},"end":{"line":198,"column":null}},{"start":{"line":196,"column":9},"end":{"line":198,"column":null}}],"line":194},"31":{"loc":{"start":{"line":196,"column":9},"end":{"line":198,"column":null}},"type":"if","locations":[{"start":{"line":196,"column":9},"end":{"line":198,"column":null}},{"start":{},"end":{}}],"line":196},"32":{"loc":{"start":{"line":207,"column":2},"end":{"line":207,"column":null}},"type":"if","locations":[{"start":{"line":207,"column":2},"end":{"line":207,"column":null}},{"start":{},"end":{}}],"line":207},"33":{"loc":{"start":{"line":211,"column":2},"end":{"line":211,"column":null}},"type":"if","locations":[{"start":{"line":211,"column":2},"end":{"line":211,"column":null}},{"start":{},"end":{}}],"line":211},"34":{"loc":{"start":{"line":211,"column":6},"end":{"line":211,"column":25}},"type":"binary-expr","locations":[{"start":{"line":211,"column":6},"end":{"line":211,"column":17}},{"start":{"line":211,"column":17},"end":{"line":211,"column":25}}],"line":211},"35":{"loc":{"start":{"line":212,"column":2},"end":{"line":212,"column":null}},"type":"if","locations":[{"start":{"line":212,"column":2},"end":{"line":212,"column":null}},{"start":{},"end":{}}],"line":212},"36":{"loc":{"start":{"line":212,"column":6},"end":{"line":212,"column":25}},"type":"binary-expr","locations":[{"start":{"line":212,"column":6},"end":{"line":212,"column":17}},{"start":{"line":212,"column":17},"end":{"line":212,"column":25}}],"line":212},"37":{"loc":{"start":{"line":224,"column":2},"end":{"line":227,"column":null}},"type":"if","locations":[{"start":{"line":224,"column":2},"end":{"line":227,"column":null}},{"start":{},"end":{}}],"line":224},"38":{"loc":{"start":{"line":265,"column":16},"end":{"line":265,"column":null}},"type":"binary-expr","locations":[{"start":{"line":265,"column":16},"end":{"line":265,"column":29}},{"start":{"line":265,"column":29},"end":{"line":265,"column":null}}],"line":265},"39":{"loc":{"start":{"line":274,"column":2},"end":{"line":277,"column":null}},"type":"if","locations":[{"start":{"line":274,"column":2},"end":{"line":277,"column":null}},{"start":{},"end":{}}],"line":274},"40":{"loc":{"start":{"line":297,"column":35},"end":{"line":297,"column":75}},"type":"binary-expr","locations":[{"start":{"line":297,"column":35},"end":{"line":297,"column":60}},{"start":{"line":297,"column":60},"end":{"line":297,"column":75}}],"line":297},"41":{"loc":{"start":{"line":302,"column":2},"end":{"line":307,"column":null}},"type":"if","locations":[{"start":{"line":302,"column":2},"end":{"line":307,"column":null}},{"start":{},"end":{}}],"line":302},"42":{"loc":{"start":{"line":322,"column":45},"end":{"line":322,"column":95}},"type":"binary-expr","locations":[{"start":{"line":322,"column":45},"end":{"line":322,"column":70}},{"start":{"line":322,"column":70},"end":{"line":322,"column":95}}],"line":322},"43":{"loc":{"start":{"line":336,"column":4},"end":{"line":336,"column":null}},"type":"if","locations":[{"start":{"line":336,"column":4},"end":{"line":336,"column":null}},{"start":{},"end":{}}],"line":336},"44":{"loc":{"start":{"line":338,"column":15},"end":{"line":338,"column":null}},"type":"binary-expr","locations":[{"start":{"line":338,"column":15},"end":{"line":338,"column":66}},{"start":{"line":338,"column":66},"end":{"line":338,"column":null}}],"line":338},"45":{"loc":{"start":{"line":346,"column":4},"end":{"line":346,"column":null}},"type":"if","locations":[{"start":{"line":346,"column":4},"end":{"line":346,"column":null}},{"start":{},"end":{}}],"line":346}},"s":{"0":2,"1":2,"2":2,"3":16,"4":16,"5":16,"6":3606,"7":3606,"8":16,"9":1149,"10":1149,"11":1149,"12":1149,"13":1149,"14":0,"15":7,"16":7,"17":0,"18":7,"19":7,"20":1,"21":1,"22":7,"23":760,"24":0,"25":760,"26":760,"27":760,"28":751,"29":9,"30":9,"31":0,"32":8,"33":8,"34":1,"35":1,"36":7,"37":1,"38":52,"39":0,"40":52,"41":52,"42":2,"43":50,"44":50,"45":1,"46":1,"47":49,"48":8,"49":0,"50":8,"51":8,"52":8,"53":8,"54":8,"55":0,"56":0,"57":2,"58":2,"59":71,"60":71,"61":38,"62":33,"63":2,"64":2,"65":0,"66":2,"67":2,"68":2,"69":2,"70":0,"71":0,"72":0,"73":2,"74":2,"75":2,"76":2,"77":2,"78":2,"79":2,"80":2,"81":2,"82":0,"83":2,"84":0,"85":0,"86":2,"87":2,"88":2,"89":19,"90":19,"91":0,"92":19,"93":4,"94":4,"95":1,"96":3,"97":3,"98":3,"99":3,"100":0,"101":0,"102":3,"103":3,"104":3,"105":3,"106":2,"107":1,"108":1,"109":1,"110":1,"111":0,"112":0,"113":1,"114":1,"115":329,"116":0,"117":329,"118":329,"119":329,"120":2,"121":327,"122":0,"123":327,"124":2,"125":2,"126":50,"127":29,"128":29,"129":50,"130":50,"131":50,"132":50,"133":71,"134":71,"135":19,"136":21,"137":21,"138":21,"139":52,"140":26,"141":1,"142":28,"143":1,"144":28,"145":28,"146":28,"147":1,"148":28,"149":29,"150":28,"151":28,"152":28,"153":28,"154":8,"155":8,"156":8,"157":8,"158":8,"159":3,"160":1,"161":1,"162":1,"163":1,"164":1,"165":1,"166":1,"167":1,"168":23,"169":19,"170":19,"171":19,"172":1,"173":1,"174":1,"175":1,"176":18,"177":18,"178":18,"179":18,"180":18,"181":15,"182":2,"183":22,"184":22,"185":22,"186":14,"187":22,"188":13,"189":13,"190":22,"191":1,"192":1,"193":1,"194":1,"195":1,"196":30,"197":5,"198":1,"199":1,"200":1,"201":45,"202":1,"203":1,"204":1,"205":0,"206":9,"207":9,"208":9,"209":9,"210":2,"211":2,"212":2,"213":2},"f":{"0":16,"1":1149,"2":7,"3":7,"4":1,"5":1,"6":760,"7":52,"8":8,"9":71,"10":2,"11":2,"12":0,"13":0,"14":19,"15":4,"16":3,"17":329,"18":50,"19":71,"20":19,"21":21,"22":21,"23":52,"24":26,"25":1,"26":28,"27":1,"28":1,"29":29,"30":8,"31":8,"32":3,"33":1,"34":1,"35":1,"36":1,"37":1,"38":23,"39":19,"40":19,"41":15,"42":2,"43":22,"44":14,"45":1,"46":1,"47":45,"48":1,"49":9,"50":2,"51":2,"52":2},"b":{"0":[0,7],"1":[7,7],"2":[7,7,7,7],"3":[1,1,1,1],"4":[1,1,1,1],"5":[7,0],"6":[7,0],"7":[7,0],"8":[0,760],"9":[751,9],"10":[0,9],"11":[9,8,8,8],"12":[1,7],"13":[0,52],"14":[2,50],"15":[1,49],"16":[0,8],"17":[38,33],"18":[0,2],"19":[2,0],"20":[0,0],"21":[2,0],"22":[2,0],"23":[2,0],"24":[0,0],"25":[0,19],"26":[1,3],"27":[3,0],"28":[0,0],"29":[2,1],"30":[1,0],"31":[0,0],"32":[0,329],"33":[2,327],"34":[329,2],"35":[0,327],"36":[327,327],"37":[29,21],"38":[28,0],"39":[8,0],"40":[19,19],"41":[1,18],"42":[14,14],"43":[5,25],"44":[1,0],"45":[1,0]},"meta":{"lastBranch":46,"lastFunction":53,"lastStatement":214,"seen":{"s:14:20:14:Infinity":0,"s:15:19:15:Infinity":1,"s:16:25:16:Infinity":2,"f:19:9:19:15":0,"s:20:13:20:Infinity":3,"s:21:2:24:Infinity":4,"s:21:15:21:18":5,"s:22:4:22:Infinity":6,"s:23:4:23:Infinity":7,"s:25:2:25:Infinity":8,"f:29:9:29:44":1,"s:30:2:37:Infinity":9,"s:31:20:31:Infinity":10,"s:32:4:32:Infinity":11,"s:33:4:33:Infinity":12,"s:34:4:34:Infinity":13,"s:36:4:36:Infinity":14,"f:41:9:41:22":2,"s:42:25:42:Infinity":15,"b:43:2:43:Infinity:undefined:undefined:undefined:undefined":0,"s:43:2:43:Infinity":16,"b:43:6:43:14:43:14:43:39":1,"s:43:39:43:Infinity":17,"s:44:14:44:Infinity":18,"f:45:11:45:24":3,"s:46:4:46:Infinity":19,"b:46:14:46:19:46:19:46:44:46:44:46:69:46:69:46:Infinity":2,"f:48:11:48:26":4,"s:49:4:49:Infinity":20,"b:49:14:49:19:49:19:49:44:49:44:49:74:49:74:49:Infinity":3,"f:51:11:51:23":5,"s:52:4:52:Infinity":21,"b:52:14:52:19:52:19:52:44:52:44:52:69:52:69:52:Infinity":4,"s:54:2:58:Infinity":22,"b:55:40:55:74:55:74:55:Infinity":5,"b:56:44:56:82:56:82:56:Infinity":6,"b:57:38:57:70:57:70:57:Infinity":7,"f:62:9:62:22":6,"b:63:2:63:Infinity:undefined:undefined:undefined:undefined":8,"s:63:2:63:Infinity":23,"s:63:34:63:Infinity":24,"s:64:2:78:Infinity":25,"s:65:16:65:Infinity":26,"b:66:4:66:Infinity:undefined:undefined:undefined:undefined":9,"s:66:4:66:Infinity":27,"s:66:14:66:Infinity":28,"s:67:38:67:Infinity":29,"b:68:4:68:Infinity:undefined:undefined:undefined:undefined":10,"s:68:4:68:Infinity":30,"b:68:8:68:21:68:21:68:41:68:41:68:56:68:56:68:69":11,"s:68:69:68:Infinity":31,"s:70:25:70:Infinity":32,"b:71:4:74:Infinity:undefined:undefined:undefined:undefined":12,"s:71:4:74:Infinity":33,"s:72:6:72:Infinity":34,"s:73:6:73:Infinity":35,"s:75:4:75:Infinity":36,"s:77:4:77:Infinity":37,"f:82:9:82:29":7,"b:83:2:85:Infinity:undefined:undefined:undefined:undefined":13,"s:83:2:85:Infinity":38,"s:84:4:84:Infinity":39,"s:86:18:86:Infinity":40,"b:87:2:87:Infinity:undefined:undefined:undefined:undefined":14,"s:87:2:87:Infinity":41,"s:87:15:87:Infinity":42,"s:88:17:88:Infinity":43,"b:89:2:92:Infinity:undefined:undefined:undefined:undefined":15,"s:89:2:92:Infinity":44,"s:90:4:90:Infinity":45,"s:91:4:91:Infinity":46,"s:93:2:93:Infinity":47,"f:97:9:97:23":8,"b:98:2:98:Infinity:undefined:undefined:undefined:undefined":16,"s:98:2:98:Infinity":48,"s:98:34:98:Infinity":49,"s:99:2:111:Infinity":50,"s:100:17:100:Infinity":51,"s:101:38:105:Infinity":52,"s:106:4:106:Infinity":53,"s:107:4:107:Infinity":54,"s:109:4:109:Infinity":55,"s:110:4:110:Infinity":56,"s:115:54:115:Infinity":57,"s:116:18:116:Infinity":58,"f:118:9:118:22":9,"s:119:2:119:Infinity":59,"b:120:2:120:Infinity:undefined:undefined:undefined:undefined":17,"s:120:2:120:Infinity":60,"s:120:26:120:Infinity":61,"s:121:2:135:Infinity":62,"f:121:14:121:31":10,"s:122:4:122:Infinity":63,"b:123:4:123:Infinity:undefined:undefined:undefined:undefined":18,"s:123:4:123:Infinity":64,"s:123:22:123:Infinity":65,"s:124:4:124:Infinity":66,"s:125:22:125:Infinity":67,"b:126:4:134:Infinity:128:11:134:Infinity":19,"s:126:4:134:Infinity":68,"s:127:6:127:Infinity":69,"s:130:23:130:Infinity":70,"b:131:6:133:Infinity:undefined:undefined:undefined:undefined":20,"s:131:6:133:Infinity":71,"s:132:8:132:Infinity":72,"f:139:16:139:34":11,"b:140:2:143:Infinity:undefined:undefined:undefined:undefined":21,"s:140:2:143:Infinity":73,"s:141:4:141:Infinity":74,"s:142:4:142:Infinity":75,"b:144:2:148:Infinity:undefined:undefined:undefined:undefined":22,"s:144:2:148:Infinity":76,"s:145:4:145:Infinity":77,"s:146:4:146:Infinity":78,"s:147:4:147:Infinity":79,"b:152:0:156:Infinity:undefined:undefined:undefined:undefined":23,"s:152:0:156:Infinity":80,"s:153:2:153:Infinity":81,"f:153:26:153:48":12,"s:153:48:153:59":82,"s:155:2:155:Infinity":83,"f:155:2:155:20":13,"b:155:22:155:52:undefined:undefined:undefined:undefined":24,"s:155:22:155:52":84,"s:155:39:155:52":85,"s:164:31:164:Infinity":86,"s:165:31:165:Infinity":87,"s:166:17:166:Infinity":88,"f:168:16:168:25":14,"s:169:2:169:Infinity":89,"b:170:2:170:Infinity:undefined:undefined:undefined:undefined":25,"s:170:2:170:Infinity":90,"s:170:35:170:Infinity":91,"s:171:2:171:Infinity":92,"f:174:16:174:51":15,"s:175:16:175:Infinity":93,"b:176:2:176:Infinity:undefined:undefined:undefined:undefined":26,"s:176:2:176:Infinity":94,"s:176:14:176:Infinity":95,"s:177:2:177:Infinity":96,"s:179:19:179:Infinity":97,"b:180:2:184:Infinity:182:9:184:Infinity":27,"s:180:2:184:Infinity":98,"s:181:4:181:Infinity":99,"b:182:9:184:Infinity:undefined:undefined:undefined:undefined":28,"s:182:9:184:Infinity":100,"s:183:4:183:Infinity":101,"s:185:2:185:Infinity":102,"s:186:2:186:Infinity":103,"f:189:16:189:49":16,"s:190:16:190:Infinity":104,"b:191:2:191:Infinity:undefined:undefined:undefined:undefined":29,"s:191:2:191:Infinity":105,"s:191:14:191:Infinity":106,"s:192:2:192:Infinity":107,"s:193:19:193:Infinity":108,"b:194:2:198:Infinity:196:9:198:Infinity":30,"s:194:2:198:Infinity":109,"s:195:4:195:Infinity":110,"b:196:9:198:Infinity:undefined:undefined:undefined:undefined":31,"s:196:9:198:Infinity":111,"s:197:4:197:Infinity":112,"s:199:2:199:Infinity":113,"s:200:2:200:Infinity":114,"f:206:16:206:50":17,"b:207:2:207:Infinity:undefined:undefined:undefined:undefined":32,"s:207:2:207:Infinity":115,"s:207:34:207:Infinity":116,"s:209:18:209:Infinity":117,"s:210:17:210:Infinity":118,"b:211:2:211:Infinity:undefined:undefined:undefined:undefined":33,"s:211:2:211:Infinity":119,"b:211:6:211:17:211:17:211:25":34,"s:211:25:211:Infinity":120,"b:212:2:212:Infinity:undefined:undefined:undefined:undefined":35,"s:212:2:212:Infinity":121,"b:212:6:212:17:212:17:212:25":36,"s:212:25:212:Infinity":122,"s:214:2:214:Infinity":123,"s:217:20:217:Infinity":124,"s:218:18:218:Infinity":125,"f:222:16:222:35":18,"b:224:2:227:Infinity:undefined:undefined:undefined:undefined":37,"s:224:2:227:Infinity":126,"s:225:4:225:Infinity":127,"s:226:4:226:Infinity":128,"s:228:2:228:Infinity":129,"s:230:2:230:Infinity":130,"s:231:2:231:Infinity":131,"s:232:2:232:Infinity":132,"f:235:9:235:18":19,"s:236:2:236:Infinity":133,"s:237:2:237:Infinity":134,"f:237:12:237:21":20,"s:237:28:237:32":135,"f:240:16:240:26":21,"s:241:2:241:Infinity":136,"s:242:2:242:Infinity":137,"f:242:2:242:15":22,"s:242:15:242:Infinity":138,"f:245:16:245:37":23,"s:246:2:246:Infinity":139,"f:246:21:246:29":24,"s:246:35:246:46":140,"f:246:48:246:54":25,"s:246:63:246:80":141,"f:250:16:250:25":26,"s:251:19:251:Infinity":142,"f:251:31:251:39":27,"s:251:50:251:74":143,"s:252:23:260:Infinity":144,"s:262:18:262:Infinity":145,"s:263:21:263:Infinity":146,"f:263:33:263:38":28,"s:263:44:263:51":147,"s:264:20:264:Infinity":148,"f:264:28:264:34":29,"s:264:40:264:63":149,"s:265:2:265:Infinity":150,"b:265:16:265:29:265:29:265:Infinity":38,"s:267:2:267:Infinity":151,"s:268:2:268:Infinity":152,"s:269:2:269:Infinity":153,"f:272:16:272:28":30,"s:273:14:273:Infinity":154,"f:273:26:273:37":31,"s:273:43:273:54":155,"b:274:2:277:Infinity:undefined:undefined:undefined:undefined":39,"s:274:2:277:Infinity":156,"s:275:4:275:Infinity":157,"s:276:4:276:Infinity":158,"f:280:16:280:29":32,"s:281:2:281:Infinity":159,"f:284:16:284:31":33,"s:285:2:285:Infinity":160,"f:288:16:288:28":34,"s:289:2:289:Infinity":161,"f:289:28:289:36":35,"s:289:42:289:53":162,"s:290:2:290:Infinity":163,"f:290:32:290:40":36,"s:290:46:290:62":164,"s:291:2:291:Infinity":165,"f:291:26:291:34":37,"s:291:40:291:56":166,"s:292:2:292:Infinity":167,"f:296:16:296:27":38,"s:297:2:297:Infinity":168,"f:297:23:297:29":39,"s:297:35:297:75":169,"b:297:35:297:60:297:60:297:75":40,"f:300:16:300:30":40,"s:301:19:301:Infinity":170,"b:302:2:307:Infinity:undefined:undefined:undefined:undefined":41,"s:302:2:307:Infinity":171,"s:303:4:303:Infinity":172,"s:304:4:304:Infinity":173,"s:305:4:305:Infinity":174,"s:306:4:306:Infinity":175,"s:308:2:308:Infinity":176,"s:309:27:309:Infinity":177,"s:310:2:310:Infinity":178,"s:311:2:311:Infinity":179,"s:312:2:312:Infinity":180,"f:315:16:315:36":41,"s:316:2:316:Infinity":181,"f:316:23:316:31":42,"s:316:37:316:58":182,"f:319:16:319:33":43,"s:320:14:320:Infinity":183,"s:321:17:321:Infinity":184,"s:322:17:322:Infinity":185,"f:322:31:322:39":44,"s:322:45:322:95":186,"b:322:45:322:70:322:70:322:95":42,"s:323:2:326:Infinity":187,"s:324:16:324:Infinity":188,"s:325:4:325:Infinity":189,"s:327:2:327:Infinity":190,"f:331:16:331:38":45,"s:332:22:332:Infinity":191,"s:333:17:333:Infinity":192,"s:334:18:334:Infinity":193,"s:335:2:337:Infinity":194,"s:335:15:335:18":195,"b:336:4:336:Infinity:undefined:undefined:undefined:undefined":43,"s:336:4:336:Infinity":196,"s:336:23:336:Infinity":197,"s:338:15:338:Infinity":198,"b:338:15:338:66:338:66:338:Infinity":44,"f:338:27:338:33":46,"s:338:39:338:55":199,"s:339:2:339:Infinity":200,"f:343:16:343:35":47,"s:344:2:349:Infinity":201,"f:344:20:344:26":48,"s:345:21:345:Infinity":202,"b:346:4:346:Infinity:undefined:undefined:undefined:undefined":45,"s:346:4:346:Infinity":203,"s:346:24:346:Infinity":204,"s:348:4:348:Infinity":205,"f:352:16:352:24":49,"s:353:21:358:Infinity":206,"s:359:2:359:Infinity":207,"s:360:2:360:Infinity":208,"s:361:2:361:Infinity":209,"f:364:16:364:27":50,"s:365:2:365:Infinity":210,"f:365:26:365:34":51,"s:365:40:365:51":211,"s:366:2:366:Infinity":212,"f:370:16:370:41":52,"s:372:2:372:Infinity":213},"fnNames":{}}}
}
